[2024-04-19 18:45:03,457] {taskinstance.py:1179} INFO - Dependencies all met for <TaskInstance: NEO_coderhouse.notificar_objetos_cercanos manual__2024-04-19T18:45:02.366717+00:00 [queued]>
[2024-04-19 18:45:03,466] {taskinstance.py:1179} INFO - Dependencies all met for <TaskInstance: NEO_coderhouse.notificar_objetos_cercanos manual__2024-04-19T18:45:02.366717+00:00 [queued]>
[2024-04-19 18:45:03,467] {taskinstance.py:1376} INFO - 
--------------------------------------------------------------------------------
[2024-04-19 18:45:03,469] {taskinstance.py:1377} INFO - Starting attempt 1 of 6
[2024-04-19 18:45:03,470] {taskinstance.py:1378} INFO - 
--------------------------------------------------------------------------------
[2024-04-19 18:45:03,486] {taskinstance.py:1397} INFO - Executing <Task(PythonOperator): notificar_objetos_cercanos> on 2024-04-19 18:45:02.366717+00:00
[2024-04-19 18:45:03,499] {standard_task_runner.py:52} INFO - Started process 257 to run task
[2024-04-19 18:45:03,503] {standard_task_runner.py:79} INFO - Running: ['***', 'tasks', 'run', 'NEO_coderhouse', 'notificar_objetos_cercanos', 'manual__2024-04-19T18:45:02.366717+00:00', '--job-id', '70', '--raw', '--subdir', 'DAGS_FOLDER/dag.py', '--cfg-path', '/tmp/tmp9py91jtu', '--error-file', '/tmp/tmpfxc0ny8_']
[2024-04-19 18:45:03,504] {standard_task_runner.py:80} INFO - Job 70: Subtask notificar_objetos_cercanos
[2024-04-19 18:45:03,573] {task_command.py:371} INFO - Running <TaskInstance: NEO_coderhouse.notificar_objetos_cercanos manual__2024-04-19T18:45:02.366717+00:00 [running]> on host 2e237166a7ec
[2024-04-19 18:45:03,642] {taskinstance.py:1591} INFO - Exporting the following env vars:
AIRFLOW_CTX_DAG_OWNER=LukeFo
AIRFLOW_CTX_DAG_ID=NEO_coderhouse
AIRFLOW_CTX_TASK_ID=notificar_objetos_cercanos
AIRFLOW_CTX_EXECUTION_DATE=2024-04-19T18:45:02.366717+00:00
AIRFLOW_CTX_TRY_NUMBER=1
AIRFLOW_CTX_DAG_RUN_ID=manual__2024-04-19T18:45:02.366717+00:00
[2024-04-19 18:45:05,119] {logging_mixin.py:115} INFO - Exito
[2024-04-19 18:45:05,120] {python.py:173} INFO - Done. Returned value was: None
[2024-04-19 18:45:05,131] {taskinstance.py:1420} INFO - Marking task as SUCCESS. dag_id=NEO_coderhouse, task_id=notificar_objetos_cercanos, execution_date=20240419T184502, start_date=20240419T184503, end_date=20240419T184505
[2024-04-19 18:45:05,166] {local_task_job.py:156} INFO - Task exited with return code 0
[2024-04-19 18:45:05,193] {local_task_job.py:273} INFO - 0 downstream tasks scheduled from follow-on schedule check
