[2024-04-16 22:24:51,470] {taskinstance.py:1179} INFO - Dependencies all met for <TaskInstance: NEO_coderhouse.Convertir_dataframe scheduled__2024-04-13T00:00:00+00:00 [queued]>
[2024-04-16 22:24:51,485] {taskinstance.py:1179} INFO - Dependencies all met for <TaskInstance: NEO_coderhouse.Convertir_dataframe scheduled__2024-04-13T00:00:00+00:00 [queued]>
[2024-04-16 22:24:51,486] {taskinstance.py:1376} INFO - 
--------------------------------------------------------------------------------
[2024-04-16 22:24:51,487] {taskinstance.py:1377} INFO - Starting attempt 1 of 6
[2024-04-16 22:24:51,487] {taskinstance.py:1378} INFO - 
--------------------------------------------------------------------------------
[2024-04-16 22:24:51,514] {taskinstance.py:1397} INFO - Executing <Task(PythonOperator): Convertir_dataframe> on 2024-04-13 00:00:00+00:00
[2024-04-16 22:24:51,524] {standard_task_runner.py:52} INFO - Started process 689 to run task
[2024-04-16 22:24:51,531] {standard_task_runner.py:79} INFO - Running: ['***', 'tasks', 'run', 'NEO_coderhouse', 'Convertir_dataframe', 'scheduled__2024-04-13T00:00:00+00:00', '--job-id', '41', '--raw', '--subdir', 'DAGS_FOLDER/dag.py', '--cfg-path', '/tmp/tmpqfsm7o24', '--error-file', '/tmp/tmpc5mrqqiu']
[2024-04-16 22:24:51,534] {standard_task_runner.py:80} INFO - Job 41: Subtask Convertir_dataframe
[2024-04-16 22:24:51,642] {task_command.py:371} INFO - Running <TaskInstance: NEO_coderhouse.Convertir_dataframe scheduled__2024-04-13T00:00:00+00:00 [running]> on host 2e237166a7ec
[2024-04-16 22:24:51,757] {taskinstance.py:1591} INFO - Exporting the following env vars:
AIRFLOW_CTX_DAG_OWNER=LukeFo
AIRFLOW_CTX_DAG_ID=NEO_coderhouse
AIRFLOW_CTX_TASK_ID=Convertir_dataframe
AIRFLOW_CTX_EXECUTION_DATE=2024-04-13T00:00:00+00:00
AIRFLOW_CTX_TRY_NUMBER=1
AIRFLOW_CTX_DAG_RUN_ID=scheduled__2024-04-13T00:00:00+00:00
[2024-04-16 22:24:51,758] {logging_mixin.py:115} INFO - Hola
[2024-04-16 22:24:53,174] {logging_mixin.py:115} INFO - {'neo_reference_id': {0: 3616688, 1: 3774362, 2: 3798998, 3: 54017292, 4: 54135429, 5: 54265886, 6: 54329155, 7: 54404095, 8: 54430098, 9: 54433553, 10: 54433569, 11: 54434342}, 'name': {0: '(2012 VD6)', 1: '(2017 HC49)', 2: '(2018 CH)', 3: '(2020 KR6)', 4: '(2021 GW3)', 5: '(2022 FT2)', 6: '(2022 WB5)', 7: '(2023 VF6)', 8: '(2024 EO2)', 9: '(2024 GN2)', 10: '(2024 GF3)', 11: '(2024 GS5)'}, 'absolute_magnitude_h': {0: 25.6, 1: 22.28, 2: 26.4, 3: 20.04, 4: 28.43, 5: 26.86, 6: 25.65, 7: 27.16, 8: 19.116, 9: 26.381, 10: 25.666, 11: 26.007}, 'is_potentially_hazardous_asteroid': {0: False, 1: False, 2: False, 3: False, 4: False, 5: False, 6: False, 7: False, 8: False, 9: False, 10: False, 11: False}, 'is_sentry_object': {0: False, 1: False, 2: False, 3: False, 4: False, 5: False, 6: False, 7: False, 8: False, 9: False, 10: False, 11: False}, 'estimated_diameter_min': {0: 20.1629919443, 1: 93.0154253961, 2: 13.9493822934, 3: 260.9486032547, 4: 5.4771543095, 5: 11.2863880097, 6: 19.7040262138, 7: 9.8300330186, 8: 399.3511842171, 9: 14.0719724634, 10: 19.5593751519, 11: 16.716870441}, 'estimated_diameter_max': {0: 45.0858206172, 1: 207.9888141418, 2: 31.1917670523, 3: 583.4988155112, 4: 12.2472893592, 5: 25.2371308101, 6: 44.0595420444, 7: 21.9806220506, 8: 892.9763948045, 9: 31.4658870058, 10: 43.7360924371, 11: 37.3800586771}, 'close_approach_date_full': {0: '2024-Apr-16 18:54', 1: '2024-Apr-16 11:32', 2: '2024-Apr-16 17:12', 3: '2024-Apr-16 06:05', 4: '2024-Apr-16 21:47', 5: '2024-Apr-16 01:24', 6: '2024-Apr-16 18:17', 7: '2024-Apr-16 20:13', 8: '2024-Apr-16 20:49', 9: '2024-Apr-16 14:20', 10: '2024-Apr-16 18:38', 11: '2024-Apr-16 21:35'}, 'kilometers_per_second': {0: 7.9814348426, 1: 15.8314405446, 2: 9.315114085, 3: 13.2359054658, 4: 18.1883716851, 5: 8.7271094441, 6: 9.9207649475, 7: 6.399138784, 8: 29.6397624919, 9: 18.5087572527, 10: 12.8963845331, 11: 18.3862110966}, 'distance_kilometers': {0: 69790169.24814145, 1: 37979987.82397257, 2: 8074124.797873383, 3: 48876654.68265046, 4: 37324189.1636658, 5: 19864299.26783744, 6: 41914975.57950545, 7: 24525675.308609966, 8: 29090749.68030209, 9: 467124.599960237, 10: 5316104.253520514, 11: 695451.011889823}, 'orbiting_body': {0: 'Earth', 1: 'Earth', 2: 'Earth', 3: 'Earth', 4: 'Earth', 5: 'Earth', 6: 'Earth', 7: 'Earth', 8: 'Earth', 9: 'Earth', 10: 'Earth', 11: 'Earth'}}
[2024-04-16 22:24:53,175] {python.py:173} INFO - Done. Returned value was: {'neo_reference_id': {0: 3616688, 1: 3774362, 2: 3798998, 3: 54017292, 4: 54135429, 5: 54265886, 6: 54329155, 7: 54404095, 8: 54430098, 9: 54433553, 10: 54433569, 11: 54434342}, 'name': {0: '(2012 VD6)', 1: '(2017 HC49)', 2: '(2018 CH)', 3: '(2020 KR6)', 4: '(2021 GW3)', 5: '(2022 FT2)', 6: '(2022 WB5)', 7: '(2023 VF6)', 8: '(2024 EO2)', 9: '(2024 GN2)', 10: '(2024 GF3)', 11: '(2024 GS5)'}, 'absolute_magnitude_h': {0: 25.6, 1: 22.28, 2: 26.4, 3: 20.04, 4: 28.43, 5: 26.86, 6: 25.65, 7: 27.16, 8: 19.116, 9: 26.381, 10: 25.666, 11: 26.007}, 'is_potentially_hazardous_asteroid': {0: False, 1: False, 2: False, 3: False, 4: False, 5: False, 6: False, 7: False, 8: False, 9: False, 10: False, 11: False}, 'is_sentry_object': {0: False, 1: False, 2: False, 3: False, 4: False, 5: False, 6: False, 7: False, 8: False, 9: False, 10: False, 11: False}, 'estimated_diameter_min': {0: 20.1629919443, 1: 93.0154253961, 2: 13.9493822934, 3: 260.9486032547, 4: 5.4771543095, 5: 11.2863880097, 6: 19.7040262138, 7: 9.8300330186, 8: 399.3511842171, 9: 14.0719724634, 10: 19.5593751519, 11: 16.716870441}, 'estimated_diameter_max': {0: 45.0858206172, 1: 207.9888141418, 2: 31.1917670523, 3: 583.4988155112, 4: 12.2472893592, 5: 25.2371308101, 6: 44.0595420444, 7: 21.9806220506, 8: 892.9763948045, 9: 31.4658870058, 10: 43.7360924371, 11: 37.3800586771}, 'close_approach_date_full': {0: '2024-Apr-16 18:54', 1: '2024-Apr-16 11:32', 2: '2024-Apr-16 17:12', 3: '2024-Apr-16 06:05', 4: '2024-Apr-16 21:47', 5: '2024-Apr-16 01:24', 6: '2024-Apr-16 18:17', 7: '2024-Apr-16 20:13', 8: '2024-Apr-16 20:49', 9: '2024-Apr-16 14:20', 10: '2024-Apr-16 18:38', 11: '2024-Apr-16 21:35'}, 'kilometers_per_second': {0: 7.9814348426, 1: 15.8314405446, 2: 9.315114085, 3: 13.2359054658, 4: 18.1883716851, 5: 8.7271094441, 6: 9.9207649475, 7: 6.399138784, 8: 29.6397624919, 9: 18.5087572527, 10: 12.8963845331, 11: 18.3862110966}, 'distance_kilometers': {0: 69790169.24814145, 1: 37979987.82397257, 2: 8074124.797873383, 3: 48876654.68265046, 4: 37324189.1636658, 5: 19864299.26783744, 6: 41914975.57950545, 7: 24525675.308609966, 8: 29090749.68030209, 9: 467124.599960237, 10: 5316104.253520514, 11: 695451.011889823}, 'orbiting_body': {0: 'Earth', 1: 'Earth', 2: 'Earth', 3: 'Earth', 4: 'Earth', 5: 'Earth', 6: 'Earth', 7: 'Earth', 8: 'Earth', 9: 'Earth', 10: 'Earth', 11: 'Earth'}}
[2024-04-16 22:24:53,216] {taskinstance.py:1420} INFO - Marking task as SUCCESS. dag_id=NEO_coderhouse, task_id=Convertir_dataframe, execution_date=20240413T000000, start_date=20240416T222451, end_date=20240416T222453
[2024-04-16 22:24:53,274] {local_task_job.py:156} INFO - Task exited with return code 0
[2024-04-16 22:24:53,343] {local_task_job.py:273} INFO - 0 downstream tasks scheduled from follow-on schedule check
