[2024-04-19 19:36:53,418] {taskinstance.py:1179} INFO - Dependencies all met for <TaskInstance: NEO_coderhouse.notificar_objetos_cercanos manual__2024-04-19T19:36:42.164708+00:00 [queued]>
[2024-04-19 19:36:53,427] {taskinstance.py:1179} INFO - Dependencies all met for <TaskInstance: NEO_coderhouse.notificar_objetos_cercanos manual__2024-04-19T19:36:42.164708+00:00 [queued]>
[2024-04-19 19:36:53,428] {taskinstance.py:1376} INFO - 
--------------------------------------------------------------------------------
[2024-04-19 19:36:53,429] {taskinstance.py:1377} INFO - Starting attempt 1 of 6
[2024-04-19 19:36:53,429] {taskinstance.py:1378} INFO - 
--------------------------------------------------------------------------------
[2024-04-19 19:36:53,485] {taskinstance.py:1397} INFO - Executing <Task(PythonOperator): notificar_objetos_cercanos> on 2024-04-19 19:36:42.164708+00:00
[2024-04-19 19:36:53,494] {standard_task_runner.py:52} INFO - Started process 715 to run task
[2024-04-19 19:36:53,497] {standard_task_runner.py:79} INFO - Running: ['***', 'tasks', 'run', 'NEO_coderhouse', 'notificar_objetos_cercanos', 'manual__2024-04-19T19:36:42.164708+00:00', '--job-id', '97', '--raw', '--subdir', 'DAGS_FOLDER/dag.py', '--cfg-path', '/tmp/tmprr0tw848', '--error-file', '/tmp/tmp4m7t65ls']
[2024-04-19 19:36:53,498] {standard_task_runner.py:80} INFO - Job 97: Subtask notificar_objetos_cercanos
[2024-04-19 19:36:53,601] {task_command.py:371} INFO - Running <TaskInstance: NEO_coderhouse.notificar_objetos_cercanos manual__2024-04-19T19:36:42.164708+00:00 [running]> on host 2e237166a7ec
[2024-04-19 19:36:53,754] {taskinstance.py:1591} INFO - Exporting the following env vars:
AIRFLOW_CTX_DAG_OWNER=LukeFo
AIRFLOW_CTX_DAG_ID=NEO_coderhouse
AIRFLOW_CTX_TASK_ID=notificar_objetos_cercanos
AIRFLOW_CTX_EXECUTION_DATE=2024-04-19T19:36:42.164708+00:00
AIRFLOW_CTX_TRY_NUMBER=1
AIRFLOW_CTX_DAG_RUN_ID=manual__2024-04-19T19:36:42.164708+00:00
[2024-04-19 19:36:53,755] {logging_mixin.py:115} INFO - Hola
[2024-04-19 19:36:54,780] {logging_mixin.py:115} INFO - Cantidad de registros extraidos el 2024-04-19 - 18
[2024-04-19 19:36:55,844] {logging_mixin.py:115} INFO - 'ascii' codec can't encode character '\xf3' in position 132: ordinal not in range(128)
[2024-04-19 19:36:55,845] {logging_mixin.py:115} INFO - Failure
[2024-04-19 19:36:55,847] {python.py:173} INFO - Done. Returned value was: None
[2024-04-19 19:36:55,862] {taskinstance.py:1420} INFO - Marking task as SUCCESS. dag_id=NEO_coderhouse, task_id=notificar_objetos_cercanos, execution_date=20240419T193642, start_date=20240419T193653, end_date=20240419T193655
[2024-04-19 19:36:55,967] {local_task_job.py:156} INFO - Task exited with return code 0
[2024-04-19 19:36:56,040] {local_task_job.py:273} INFO - 0 downstream tasks scheduled from follow-on schedule check
