[2024-04-20 13:33:48,034] {taskinstance.py:1179} INFO - Dependencies all met for <TaskInstance: NEO_coderhouse.notificar_objetos_cercanos manual__2024-04-20T13:33:39.233479+00:00 [queued]>
[2024-04-20 13:33:48,062] {taskinstance.py:1179} INFO - Dependencies all met for <TaskInstance: NEO_coderhouse.notificar_objetos_cercanos manual__2024-04-20T13:33:39.233479+00:00 [queued]>
[2024-04-20 13:33:48,063] {taskinstance.py:1376} INFO - 
--------------------------------------------------------------------------------
[2024-04-20 13:33:48,067] {taskinstance.py:1377} INFO - Starting attempt 1 of 6
[2024-04-20 13:33:48,068] {taskinstance.py:1378} INFO - 
--------------------------------------------------------------------------------
[2024-04-20 13:33:48,104] {taskinstance.py:1397} INFO - Executing <Task(PythonOperator): notificar_objetos_cercanos> on 2024-04-20 13:33:39.233479+00:00
[2024-04-20 13:33:48,113] {standard_task_runner.py:52} INFO - Started process 1658 to run task
[2024-04-20 13:33:48,121] {standard_task_runner.py:79} INFO - Running: ['***', 'tasks', 'run', 'NEO_coderhouse', 'notificar_objetos_cercanos', 'manual__2024-04-20T13:33:39.233479+00:00', '--job-id', '153', '--raw', '--subdir', 'DAGS_FOLDER/dag.py', '--cfg-path', '/tmp/tmpl69fdzhi', '--error-file', '/tmp/tmp7x3g5yqu']
[2024-04-20 13:33:48,125] {standard_task_runner.py:80} INFO - Job 153: Subtask notificar_objetos_cercanos
[2024-04-20 13:33:48,280] {task_command.py:371} INFO - Running <TaskInstance: NEO_coderhouse.notificar_objetos_cercanos manual__2024-04-20T13:33:39.233479+00:00 [running]> on host 2e237166a7ec
[2024-04-20 13:33:48,400] {taskinstance.py:1591} INFO - Exporting the following env vars:
AIRFLOW_CTX_DAG_OWNER=LukeFo
AIRFLOW_CTX_DAG_ID=NEO_coderhouse
AIRFLOW_CTX_TASK_ID=notificar_objetos_cercanos
AIRFLOW_CTX_EXECUTION_DATE=2024-04-20T13:33:39.233479+00:00
AIRFLOW_CTX_TRY_NUMBER=1
AIRFLOW_CTX_DAG_RUN_ID=manual__2024-04-20T13:33:39.233479+00:00
[2024-04-20 13:33:48,402] {logging_mixin.py:115} INFO - Hola
[2024-04-20 13:33:49,347] {logging_mixin.py:115} INFO - Cantidad de registros extraidos el 2024-04-20 - 1
[2024-04-20 13:33:49,353] {logging_mixin.py:115} INFO - No hay registros
[2024-04-20 13:33:49,355] {python.py:173} INFO - Done. Returned value was: None
[2024-04-20 13:33:49,387] {taskinstance.py:1420} INFO - Marking task as SUCCESS. dag_id=NEO_coderhouse, task_id=notificar_objetos_cercanos, execution_date=20240420T133339, start_date=20240420T133348, end_date=20240420T133349
[2024-04-20 13:33:49,467] {local_task_job.py:156} INFO - Task exited with return code 0
[2024-04-20 13:33:49,573] {local_task_job.py:273} INFO - 1 downstream tasks scheduled from follow-on schedule check
