[2024-04-20 13:09:28,569] {taskinstance.py:1179} INFO - Dependencies all met for <TaskInstance: NEO_coderhouse.notificar_objetos_cercanos manual__2024-04-20T13:09:19.406257+00:00 [queued]>
[2024-04-20 13:09:28,598] {taskinstance.py:1179} INFO - Dependencies all met for <TaskInstance: NEO_coderhouse.notificar_objetos_cercanos manual__2024-04-20T13:09:19.406257+00:00 [queued]>
[2024-04-20 13:09:28,600] {taskinstance.py:1376} INFO - 
--------------------------------------------------------------------------------
[2024-04-20 13:09:28,601] {taskinstance.py:1377} INFO - Starting attempt 1 of 6
[2024-04-20 13:09:28,603] {taskinstance.py:1378} INFO - 
--------------------------------------------------------------------------------
[2024-04-20 13:09:28,645] {taskinstance.py:1397} INFO - Executing <Task(PythonOperator): notificar_objetos_cercanos> on 2024-04-20 13:09:19.406257+00:00
[2024-04-20 13:09:28,659] {standard_task_runner.py:52} INFO - Started process 754 to run task
[2024-04-20 13:09:28,667] {standard_task_runner.py:79} INFO - Running: ['***', 'tasks', 'run', 'NEO_coderhouse', 'notificar_objetos_cercanos', 'manual__2024-04-20T13:09:19.406257+00:00', '--job-id', '123', '--raw', '--subdir', 'DAGS_FOLDER/dag.py', '--cfg-path', '/tmp/tmpeef56gxh', '--error-file', '/tmp/tmpa__v76k4']
[2024-04-20 13:09:28,673] {standard_task_runner.py:80} INFO - Job 123: Subtask notificar_objetos_cercanos
[2024-04-20 13:09:28,851] {task_command.py:371} INFO - Running <TaskInstance: NEO_coderhouse.notificar_objetos_cercanos manual__2024-04-20T13:09:19.406257+00:00 [running]> on host 2e237166a7ec
[2024-04-20 13:09:29,056] {taskinstance.py:1591} INFO - Exporting the following env vars:
AIRFLOW_CTX_DAG_OWNER=LukeFo
AIRFLOW_CTX_DAG_ID=NEO_coderhouse
AIRFLOW_CTX_TASK_ID=notificar_objetos_cercanos
AIRFLOW_CTX_EXECUTION_DATE=2024-04-20T13:09:19.406257+00:00
AIRFLOW_CTX_TRY_NUMBER=1
AIRFLOW_CTX_DAG_RUN_ID=manual__2024-04-20T13:09:19.406257+00:00
[2024-04-20 13:09:29,059] {logging_mixin.py:115} INFO - Hola
[2024-04-20 13:09:30,388] {logging_mixin.py:115} INFO - Cantidad de registros extraidos el 2024-04-20 - 1
[2024-04-20 13:09:30,426] {python.py:173} INFO - Done. Returned value was: None
[2024-04-20 13:09:30,518] {taskinstance.py:1420} INFO - Marking task as SUCCESS. dag_id=NEO_coderhouse, task_id=notificar_objetos_cercanos, execution_date=20240420T130919, start_date=20240420T130928, end_date=20240420T130930
[2024-04-20 13:09:30,571] {local_task_job.py:156} INFO - Task exited with return code 0
[2024-04-20 13:09:30,659] {local_task_job.py:273} INFO - 0 downstream tasks scheduled from follow-on schedule check
