[2024-04-20 13:25:44,947] {taskinstance.py:1179} INFO - Dependencies all met for <TaskInstance: NEO_coderhouse.notificar_objetos_cercanos manual__2024-04-20T13:25:36.474414+00:00 [queued]>
[2024-04-20 13:25:44,961] {taskinstance.py:1179} INFO - Dependencies all met for <TaskInstance: NEO_coderhouse.notificar_objetos_cercanos manual__2024-04-20T13:25:36.474414+00:00 [queued]>
[2024-04-20 13:25:44,962] {taskinstance.py:1376} INFO - 
--------------------------------------------------------------------------------
[2024-04-20 13:25:44,964] {taskinstance.py:1377} INFO - Starting attempt 1 of 6
[2024-04-20 13:25:44,965] {taskinstance.py:1378} INFO - 
--------------------------------------------------------------------------------
[2024-04-20 13:25:44,984] {taskinstance.py:1397} INFO - Executing <Task(PythonOperator): notificar_objetos_cercanos> on 2024-04-20 13:25:36.474414+00:00
[2024-04-20 13:25:44,990] {standard_task_runner.py:52} INFO - Started process 1366 to run task
[2024-04-20 13:25:44,994] {standard_task_runner.py:79} INFO - Running: ['***', 'tasks', 'run', 'NEO_coderhouse', 'notificar_objetos_cercanos', 'manual__2024-04-20T13:25:36.474414+00:00', '--job-id', '147', '--raw', '--subdir', 'DAGS_FOLDER/dag.py', '--cfg-path', '/tmp/tmpw3op5i8d', '--error-file', '/tmp/tmpyfn_y3ib']
[2024-04-20 13:25:44,997] {standard_task_runner.py:80} INFO - Job 147: Subtask notificar_objetos_cercanos
[2024-04-20 13:25:45,145] {task_command.py:371} INFO - Running <TaskInstance: NEO_coderhouse.notificar_objetos_cercanos manual__2024-04-20T13:25:36.474414+00:00 [running]> on host 2e237166a7ec
[2024-04-20 13:25:45,290] {taskinstance.py:1591} INFO - Exporting the following env vars:
AIRFLOW_CTX_DAG_OWNER=LukeFo
AIRFLOW_CTX_DAG_ID=NEO_coderhouse
AIRFLOW_CTX_TASK_ID=notificar_objetos_cercanos
AIRFLOW_CTX_EXECUTION_DATE=2024-04-20T13:25:36.474414+00:00
AIRFLOW_CTX_TRY_NUMBER=1
AIRFLOW_CTX_DAG_RUN_ID=manual__2024-04-20T13:25:36.474414+00:00
[2024-04-20 13:25:45,294] {logging_mixin.py:115} INFO - Hola
[2024-04-20 13:25:46,469] {logging_mixin.py:115} INFO - Cantidad de registros extraidos el 2024-04-18 - 9
[2024-04-20 13:25:46,476] {logging_mixin.py:115} INFO - Hay registros
[2024-04-20 13:25:48,011] {logging_mixin.py:115} INFO - Exito
[2024-04-20 13:25:48,013] {python.py:173} INFO - Done. Returned value was: None
[2024-04-20 13:25:48,044] {taskinstance.py:1420} INFO - Marking task as SUCCESS. dag_id=NEO_coderhouse, task_id=notificar_objetos_cercanos, execution_date=20240420T132536, start_date=20240420T132544, end_date=20240420T132548
[2024-04-20 13:25:48,121] {local_task_job.py:156} INFO - Task exited with return code 0
[2024-04-20 13:25:48,198] {local_task_job.py:273} INFO - 0 downstream tasks scheduled from follow-on schedule check
