[2024-04-09 21:36:11,560] {taskinstance.py:1179} INFO - Dependencies all met for <TaskInstance: NEO_coderhouse.Convertir_dataframe manual__2024-04-09T21:33:05.484460+00:00 [queued]>
[2024-04-09 21:36:11,574] {taskinstance.py:1179} INFO - Dependencies all met for <TaskInstance: NEO_coderhouse.Convertir_dataframe manual__2024-04-09T21:33:05.484460+00:00 [queued]>
[2024-04-09 21:36:11,575] {taskinstance.py:1376} INFO - 
--------------------------------------------------------------------------------
[2024-04-09 21:36:11,576] {taskinstance.py:1377} INFO - Starting attempt 2 of 6
[2024-04-09 21:36:11,576] {taskinstance.py:1378} INFO - 
--------------------------------------------------------------------------------
[2024-04-09 21:36:11,592] {taskinstance.py:1397} INFO - Executing <Task(PythonOperator): Convertir_dataframe> on 2024-04-09 21:33:05.484460+00:00
[2024-04-09 21:36:11,597] {standard_task_runner.py:52} INFO - Started process 448 to run task
[2024-04-09 21:36:11,600] {standard_task_runner.py:79} INFO - Running: ['***', 'tasks', 'run', 'NEO_coderhouse', 'Convertir_dataframe', 'manual__2024-04-09T21:33:05.484460+00:00', '--job-id', '130', '--raw', '--subdir', 'DAGS_FOLDER/dag.py', '--cfg-path', '/tmp/tmp0zewkote', '--error-file', '/tmp/tmpxlx8d05a']
[2024-04-09 21:36:11,602] {standard_task_runner.py:80} INFO - Job 130: Subtask Convertir_dataframe
[2024-04-09 21:36:11,666] {task_command.py:371} INFO - Running <TaskInstance: NEO_coderhouse.Convertir_dataframe manual__2024-04-09T21:33:05.484460+00:00 [running]> on host c346f321fefe
[2024-04-09 21:36:11,732] {taskinstance.py:1591} INFO - Exporting the following env vars:
AIRFLOW_CTX_DAG_OWNER=LukeFo
AIRFLOW_CTX_DAG_ID=NEO_coderhouse
AIRFLOW_CTX_TASK_ID=Convertir_dataframe
AIRFLOW_CTX_EXECUTION_DATE=2024-04-09T21:33:05.484460+00:00
AIRFLOW_CTX_TRY_NUMBER=2
AIRFLOW_CTX_DAG_RUN_ID=manual__2024-04-09T21:33:05.484460+00:00
[2024-04-09 21:36:11,733] {logging_mixin.py:115} INFO - Hola
[2024-04-09 21:36:12,580] {python.py:173} INFO - Done. Returned value was: {"neo_reference_id":{"0":2153195,"1":2220124,"2":2533990,"3":3408650,"4":3777663,"5":3836853,"6":3840687,"7":3989301,"8":54051050,"9":54109941,"10":54144375,"11":54196823,"12":54292683,"13":54339170,"14":54359258,"15":54374410,"16":54419613,"17":2654647,"18":54428347,"19":54432239},"name":{"0":"153195 (2000 WB1)","1":"220124 (2002 TE66)","2":"533990 (2014 QX266)","3":"(2008 GL20)","4":"(2015 CN62)","5":"(2018 XR2)","6":"(2019 FQ)","7":"(2020 BP13)","8":"(2020 PY2)","9":"(2021 CG)","10":"(2021 JA4)","11":"(2021 RB16)","12":"(2022 OB5)","13":"(2023 AE2)","14":"(2023 KU)","15":"(2023 MZ5)","16":"(2024 AN2)","17":"654647 (2015 CN62)","18":"(2024 DD1)","19":"(2024 GE)"},"absolute_magnitude_h":{"0":17.49,"1":18.77,"2":22.36,"3":26.6,"4":20.32,"5":27.5,"6":27.1,"7":21.15,"8":26.5,"9":26.1,"10":22.29,"11":26.86,"12":28.92,"13":25.09,"14":22.42,"15":26.13,"16":21.75,"17":20.3,"18":23.69,"19":25.734},"is_potentially_hazardous_asteroid":{"0":false,"1":false,"2":false,"3":false,"4":false,"5":false,"6":false,"7":true,"8":false,"9":false,"10":false,"11":false,"12":false,"13":false,"14":false,"15":false,"16":true,"17":false,"18":false,"19":false},"is_sentry_object":{"0":false,"1":false,"2":false,"3":false,"4":false,"5":false,"6":false,"7":false,"8":false,"9":false,"10":false,"11":false,"12":false,"13":false,"14":false,"15":false,"16":false,"17":false,"18":false,"19":false},"estimated_diameter_min":{"0":844.4131279787,"1":468.3332331362,"2":89.6509666415,"3":12.7219878539,"4":229.3796979965,"5":8.4053340207,"6":10.1054341542,"7":156.5146435935,"8":13.3215566698,"9":16.0160337979,"10":92.5880583366,"11":11.2863880097,"12":4.3707400403,"13":25.5008687857,"14":87.2077289095,"15":15.796285576,"16":118.7284987937,"17":231.5021222103,"18":48.5909037451,"19":18.9563612579},"estimated_diameter_max":{"0":1888.1651552536,"1":1047.2249454148,"2":200.465655659,"3":28.4472296503,"4":512.9085973785,"5":18.7948982439,"6":22.5964377109,"7":349.9773825493,"8":29.7879062798,"9":35.8129403019,"10":207.0331923453,"11":25.2371308101,"12":9.7732718421,"13":57.0216760901,"14":195.0024100049,"15":35.3215683399,"16":265.4849941693,"17":517.6544821978,"18":108.6525638621,"19":42.3877123788},"close_approach_date_full":{"0":"2024-Apr-09 16:25","1":"2024-Apr-09 13:00","2":"2024-Apr-09 03:52","3":"2024-Apr-09 08:34","4":"2024-Apr-09 16:17","5":"2024-Apr-09 03:53","6":"2024-Apr-09 00:40","7":"2024-Apr-09 02:32","8":"2024-Apr-09 07:18","9":"2024-Apr-09 21:29","10":"2024-Apr-09 02:56","11":"2024-Apr-09 23:57","12":"2024-Apr-09 21:56","13":"2024-Apr-09 06:46","14":"2024-Apr-09 09:27","15":"2024-Apr-09 17:39","16":"2024-Apr-09 08:05","17":"2024-Apr-09 16:17","18":"2024-Apr-09 12:25","19":"2024-Apr-09 19:29"},"kilometers_per_second":{"0":27.3424922622,"1":31.7137141005,"2":2.3561797482,"3":14.4182984264,"4":2.1851132614,"5":6.5660270791,"6":12.0343510352,"7":6.8039528744,"8":13.1838512479,"9":10.0880165655,"10":13.13065418,"11":5.9026945609,"12":1.570887925,"13":15.2198696672,"14":12.6561572033,"15":7.5779004926,"16":12.6573642122,"17":2.185111287,"18":6.2075980897,"19":7.7442805298},"distance_kilometers":{"0":35651617.9572200403,"1":48375227.0367828459,"2":44396140.8211313635,"3":45362284.2869358361,"4":25174135.4005245268,"5":51959925.126519762,"6":35130374.592452012,"7":5813596.3833426787,"8":20854111.3456841744,"9":17857317.0575926155,"10":53044135.5098273158,"11":48899455.5073684305,"12":10199784.9282017313,"13":62309714.6065310836,"14":31076347.2340653054,"15":68074970.9663872719,"16":39633884.1149549633,"17":25174118.3912467062,"18":21340659.568527557,"19":10580313.4996109996},"orbiting_body":{"0":"Earth","1":"Earth","2":"Earth","3":"Earth","4":"Earth","5":"Earth","6":"Earth","7":"Earth","8":"Earth","9":"Earth","10":"Earth","11":"Earth","12":"Earth","13":"Earth","14":"Earth","15":"Earth","16":"Earth","17":"Earth","18":"Earth","19":"Earth"}}
[2024-04-09 21:36:12,605] {taskinstance.py:1420} INFO - Marking task as SUCCESS. dag_id=NEO_coderhouse, task_id=Convertir_dataframe, execution_date=20240409T213305, start_date=20240409T213611, end_date=20240409T213612
[2024-04-09 21:36:12,659] {local_task_job.py:156} INFO - Task exited with return code 0
[2024-04-09 21:36:12,692] {local_task_job.py:273} INFO - 1 downstream tasks scheduled from follow-on schedule check
