[2024-04-20 12:53:28,584] {taskinstance.py:1179} INFO - Dependencies all met for <TaskInstance: NEO_coderhouse.Convertir_dataframe scheduled__2024-04-19T00:00:00+00:00 [queued]>
[2024-04-20 12:53:28,614] {taskinstance.py:1179} INFO - Dependencies all met for <TaskInstance: NEO_coderhouse.Convertir_dataframe scheduled__2024-04-19T00:00:00+00:00 [queued]>
[2024-04-20 12:53:28,620] {taskinstance.py:1376} INFO - 
--------------------------------------------------------------------------------
[2024-04-20 12:53:28,624] {taskinstance.py:1377} INFO - Starting attempt 1 of 6
[2024-04-20 12:53:28,625] {taskinstance.py:1378} INFO - 
--------------------------------------------------------------------------------
[2024-04-20 12:53:28,688] {taskinstance.py:1397} INFO - Executing <Task(PythonOperator): Convertir_dataframe> on 2024-04-19 00:00:00+00:00
[2024-04-20 12:53:28,698] {standard_task_runner.py:52} INFO - Started process 184 to run task
[2024-04-20 12:53:28,703] {standard_task_runner.py:79} INFO - Running: ['***', 'tasks', 'run', 'NEO_coderhouse', 'Convertir_dataframe', 'scheduled__2024-04-19T00:00:00+00:00', '--job-id', '109', '--raw', '--subdir', 'DAGS_FOLDER/dag.py', '--cfg-path', '/tmp/tmp09b9lwhv', '--error-file', '/tmp/tmpwk3oo56r']
[2024-04-20 12:53:28,707] {standard_task_runner.py:80} INFO - Job 109: Subtask Convertir_dataframe
[2024-04-20 12:53:28,941] {task_command.py:371} INFO - Running <TaskInstance: NEO_coderhouse.Convertir_dataframe scheduled__2024-04-19T00:00:00+00:00 [running]> on host 2e237166a7ec
[2024-04-20 12:53:29,116] {taskinstance.py:1591} INFO - Exporting the following env vars:
AIRFLOW_CTX_DAG_OWNER=LukeFo
AIRFLOW_CTX_DAG_ID=NEO_coderhouse
AIRFLOW_CTX_TASK_ID=Convertir_dataframe
AIRFLOW_CTX_EXECUTION_DATE=2024-04-19T00:00:00+00:00
AIRFLOW_CTX_TRY_NUMBER=1
AIRFLOW_CTX_DAG_RUN_ID=scheduled__2024-04-19T00:00:00+00:00
[2024-04-20 12:53:29,122] {logging_mixin.py:115} INFO - Hola
[2024-04-20 12:53:30,175] {logging_mixin.py:115} INFO - Cantidad de registros extraidos el 2024-04-20 - 1
[2024-04-20 12:53:30,180] {python.py:173} INFO - Done. Returned value was: {'neo_reference_id': {0: 3092476}, 'name': {0: '(2001 VE2)'}, 'absolute_magnitude_h': {0: 25.0}, 'is_potentially_hazardous_asteroid': {0: False}, 'is_sentry_object': {0: False}, 'estimated_diameter_min': {0: 26.58}, 'estimated_diameter_max': {0: 59.4346868419}, 'close_approach_date_full': {0: '2024-Apr-20 08:38'}, 'kilometers_per_second': {0: 14.2406261493}, 'distance_kilometers': {0: 48891486.144597575}, 'orbiting_body': {0: 'Earth'}}
[2024-04-20 12:53:30,285] {taskinstance.py:1420} INFO - Marking task as SUCCESS. dag_id=NEO_coderhouse, task_id=Convertir_dataframe, execution_date=20240419T000000, start_date=20240420T125328, end_date=20240420T125330
[2024-04-20 12:53:30,370] {local_task_job.py:156} INFO - Task exited with return code 0
[2024-04-20 12:53:30,498] {local_task_job.py:273} INFO - 1 downstream tasks scheduled from follow-on schedule check
