[2024-04-20 13:17:55,312] {taskinstance.py:1179} INFO - Dependencies all met for <TaskInstance: NEO_coderhouse.notificar_objetos_cercanos manual__2024-04-20T13:17:47.163601+00:00 [queued]>
[2024-04-20 13:17:55,327] {taskinstance.py:1179} INFO - Dependencies all met for <TaskInstance: NEO_coderhouse.notificar_objetos_cercanos manual__2024-04-20T13:17:47.163601+00:00 [queued]>
[2024-04-20 13:17:55,329] {taskinstance.py:1376} INFO - 
--------------------------------------------------------------------------------
[2024-04-20 13:17:55,330] {taskinstance.py:1377} INFO - Starting attempt 1 of 6
[2024-04-20 13:17:55,331] {taskinstance.py:1378} INFO - 
--------------------------------------------------------------------------------
[2024-04-20 13:17:55,349] {taskinstance.py:1397} INFO - Executing <Task(PythonOperator): notificar_objetos_cercanos> on 2024-04-20 13:17:47.163601+00:00
[2024-04-20 13:17:55,357] {standard_task_runner.py:52} INFO - Started process 1072 to run task
[2024-04-20 13:17:55,362] {standard_task_runner.py:79} INFO - Running: ['***', 'tasks', 'run', 'NEO_coderhouse', 'notificar_objetos_cercanos', 'manual__2024-04-20T13:17:47.163601+00:00', '--job-id', '135', '--raw', '--subdir', 'DAGS_FOLDER/dag.py', '--cfg-path', '/tmp/tmpaiq7p85f', '--error-file', '/tmp/tmpwqe7a1wa']
[2024-04-20 13:17:55,365] {standard_task_runner.py:80} INFO - Job 135: Subtask notificar_objetos_cercanos
[2024-04-20 13:17:55,502] {task_command.py:371} INFO - Running <TaskInstance: NEO_coderhouse.notificar_objetos_cercanos manual__2024-04-20T13:17:47.163601+00:00 [running]> on host 2e237166a7ec
[2024-04-20 13:17:55,672] {taskinstance.py:1591} INFO - Exporting the following env vars:
AIRFLOW_CTX_DAG_OWNER=LukeFo
AIRFLOW_CTX_DAG_ID=NEO_coderhouse
AIRFLOW_CTX_TASK_ID=notificar_objetos_cercanos
AIRFLOW_CTX_EXECUTION_DATE=2024-04-20T13:17:47.163601+00:00
AIRFLOW_CTX_TRY_NUMBER=1
AIRFLOW_CTX_DAG_RUN_ID=manual__2024-04-20T13:17:47.163601+00:00
[2024-04-20 13:17:55,676] {logging_mixin.py:115} INFO - Hola
[2024-04-20 13:17:56,793] {logging_mixin.py:115} INFO - Cantidad de registros extraidos el 2024-04-19 - 5
[2024-04-20 13:17:56,805] {logging_mixin.py:115} INFO - Hay registros
[2024-04-20 13:17:58,294] {logging_mixin.py:115} INFO - Exito
[2024-04-20 13:17:58,296] {python.py:173} INFO - Done. Returned value was: None
[2024-04-20 13:17:58,327] {taskinstance.py:1420} INFO - Marking task as SUCCESS. dag_id=NEO_coderhouse, task_id=notificar_objetos_cercanos, execution_date=20240420T131747, start_date=20240420T131755, end_date=20240420T131758
[2024-04-20 13:17:58,403] {local_task_job.py:156} INFO - Task exited with return code 0
[2024-04-20 13:17:58,484] {local_task_job.py:273} INFO - 0 downstream tasks scheduled from follow-on schedule check
