[2024-04-20 13:25:41,539] {taskinstance.py:1179} INFO - Dependencies all met for <TaskInstance: NEO_coderhouse.Convertir_dataframe manual__2024-04-20T13:25:36.474414+00:00 [queued]>
[2024-04-20 13:25:41,565] {taskinstance.py:1179} INFO - Dependencies all met for <TaskInstance: NEO_coderhouse.Convertir_dataframe manual__2024-04-20T13:25:36.474414+00:00 [queued]>
[2024-04-20 13:25:41,567] {taskinstance.py:1376} INFO - 
--------------------------------------------------------------------------------
[2024-04-20 13:25:41,569] {taskinstance.py:1377} INFO - Starting attempt 1 of 6
[2024-04-20 13:25:41,570] {taskinstance.py:1378} INFO - 
--------------------------------------------------------------------------------
[2024-04-20 13:25:41,606] {taskinstance.py:1397} INFO - Executing <Task(PythonOperator): Convertir_dataframe> on 2024-04-20 13:25:36.474414+00:00
[2024-04-20 13:25:41,613] {standard_task_runner.py:52} INFO - Started process 1363 to run task
[2024-04-20 13:25:41,619] {standard_task_runner.py:79} INFO - Running: ['***', 'tasks', 'run', 'NEO_coderhouse', 'Convertir_dataframe', 'manual__2024-04-20T13:25:36.474414+00:00', '--job-id', '146', '--raw', '--subdir', 'DAGS_FOLDER/dag.py', '--cfg-path', '/tmp/tmp4r_0vxev', '--error-file', '/tmp/tmpogr9xdhh']
[2024-04-20 13:25:41,623] {standard_task_runner.py:80} INFO - Job 146: Subtask Convertir_dataframe
[2024-04-20 13:25:41,770] {task_command.py:371} INFO - Running <TaskInstance: NEO_coderhouse.Convertir_dataframe manual__2024-04-20T13:25:36.474414+00:00 [running]> on host 2e237166a7ec
[2024-04-20 13:25:41,894] {taskinstance.py:1591} INFO - Exporting the following env vars:
AIRFLOW_CTX_DAG_OWNER=LukeFo
AIRFLOW_CTX_DAG_ID=NEO_coderhouse
AIRFLOW_CTX_TASK_ID=Convertir_dataframe
AIRFLOW_CTX_EXECUTION_DATE=2024-04-20T13:25:36.474414+00:00
AIRFLOW_CTX_TRY_NUMBER=1
AIRFLOW_CTX_DAG_RUN_ID=manual__2024-04-20T13:25:36.474414+00:00
[2024-04-20 13:25:41,897] {logging_mixin.py:115} INFO - Hola
[2024-04-20 13:25:43,199] {logging_mixin.py:115} INFO - Cantidad de registros extraidos el 2024-04-18 - 9
[2024-04-20 13:25:43,201] {python.py:173} INFO - Done. Returned value was: {'neo_reference_id': {0: 2276033, 1: 2512245, 2: 2538644, 3: 3176187, 4: 3373682, 5: 3446391, 6: 3591884, 7: 3599541, 8: 3623675}, 'name': {0: '276033 (2002 AJ129)', 1: '512245 (2016 AU8)', 2: '538644 (2016 FA4)', 3: '(2004 DA53)', 4: '(2007 GQ3)', 5: '(2009 CO5)', 6: '(2011 YT62)', 7: '(2012 DO8)', 8: '(2013 AZ52)'}, 'absolute_magnitude_h': {0: 18.77, 1: 19.91, 2: 19.46, 3: 28.0, 4: 22.04, 5: 21.85, 6: 22.22, 7: 22.34, 8: 19.89}, 'is_potentially_hazardous_asteroid': {0: True, 1: False, 2: False, 3: False, 4: True, 5: False, 6: False, 7: False, 8: False}, 'is_sentry_object': {0: False, 1: False, 2: False, 3: True, 4: False, 5: False, 6: False, 7: False, 8: False}, 'sentry_data': {0: nan, 1: nan, 2: nan, 3: 'http://api.nasa.gov/neo/rest/v1/neo/sentry/3176187?api_key=1vQKAD9leMbOeppmESs3aFLlbjnAcoylVNyxdWdj', 4: nan, 5: nan, 6: nan, 7: nan, 8: nan}, 'estimated_diameter_min': {0: 468.3332331362, 1: 277.0479727327, 2: 340.84346887, 3: 6.676594135, 4: 103.8855101016, 5: 113.3848360975, 6: 95.6213732844, 7: 90.4804968225, 8: 279.6114660622}, 'estimated_diameter_max': {0: 1047.2249454148, 1: 619.4981000589, 2: 762.1491660801, 3: 14.9293183439, 4: 232.2950624645, 5: 253.5362011316, 6: 213.8158907658, 7: 202.3205415331, 8: 625.2302454035}, 'close_approach_date_full': {0: '2024-Apr-18 05:29', 1: '2024-Apr-18 17:34', 2: '2024-Apr-18 07:33', 3: '2024-Apr-18 00:14', 4: '2024-Apr-18 14:21', 5: '2024-Apr-18 12:40', 6: '2024-Apr-18 17:14', 7: '2024-Apr-18 13:10', 8: '2024-Apr-18 10:31'}, 'kilometers_per_second': {0: 28.7097230486, 1: 13.8952405913, 2: 18.2355919529, 3: 7.3476394891, 4: 11.3400596447, 5: 1.706505041, 6: 7.7541139976, 7: 6.9158322882, 8: 30.3841516556}, 'distance_kilometers': {0: 48650599.64510066, 1: 44373657.128938004, 2: 65965391.51501947, 3: 28010522.62451924, 4: 12763482.58167708, 5: 59674701.20998146, 6: 63586180.333434254, 7: 20264868.95725785, 8: 50698512.0420145}, 'orbiting_body': {0: 'Earth', 1: 'Earth', 2: 'Earth', 3: 'Earth', 4: 'Earth', 5: 'Earth', 6: 'Earth', 7: 'Earth', 8: 'Earth'}}
[2024-04-20 13:25:43,276] {taskinstance.py:1420} INFO - Marking task as SUCCESS. dag_id=NEO_coderhouse, task_id=Convertir_dataframe, execution_date=20240420T132536, start_date=20240420T132541, end_date=20240420T132543
[2024-04-20 13:25:43,326] {local_task_job.py:156} INFO - Task exited with return code 0
[2024-04-20 13:25:43,400] {local_task_job.py:273} INFO - 1 downstream tasks scheduled from follow-on schedule check
