[2024-04-20 13:23:26,015] {taskinstance.py:1179} INFO - Dependencies all met for <TaskInstance: NEO_coderhouse.notificar_objetos_cercanos manual__2024-04-20T13:23:16.543099+00:00 [queued]>
[2024-04-20 13:23:26,040] {taskinstance.py:1179} INFO - Dependencies all met for <TaskInstance: NEO_coderhouse.notificar_objetos_cercanos manual__2024-04-20T13:23:16.543099+00:00 [queued]>
[2024-04-20 13:23:26,042] {taskinstance.py:1376} INFO - 
--------------------------------------------------------------------------------
[2024-04-20 13:23:26,044] {taskinstance.py:1377} INFO - Starting attempt 1 of 6
[2024-04-20 13:23:26,045] {taskinstance.py:1378} INFO - 
--------------------------------------------------------------------------------
[2024-04-20 13:23:26,084] {taskinstance.py:1397} INFO - Executing <Task(PythonOperator): notificar_objetos_cercanos> on 2024-04-20 13:23:16.543099+00:00
[2024-04-20 13:23:26,093] {standard_task_runner.py:52} INFO - Started process 1279 to run task
[2024-04-20 13:23:26,100] {standard_task_runner.py:79} INFO - Running: ['***', 'tasks', 'run', 'NEO_coderhouse', 'notificar_objetos_cercanos', 'manual__2024-04-20T13:23:16.543099+00:00', '--job-id', '144', '--raw', '--subdir', 'DAGS_FOLDER/dag.py', '--cfg-path', '/tmp/tmpwy6mjfzq', '--error-file', '/tmp/tmp6lsv9vme']
[2024-04-20 13:23:26,104] {standard_task_runner.py:80} INFO - Job 144: Subtask notificar_objetos_cercanos
[2024-04-20 13:23:26,268] {task_command.py:371} INFO - Running <TaskInstance: NEO_coderhouse.notificar_objetos_cercanos manual__2024-04-20T13:23:16.543099+00:00 [running]> on host 2e237166a7ec
[2024-04-20 13:23:26,460] {taskinstance.py:1591} INFO - Exporting the following env vars:
AIRFLOW_CTX_DAG_OWNER=LukeFo
AIRFLOW_CTX_DAG_ID=NEO_coderhouse
AIRFLOW_CTX_TASK_ID=notificar_objetos_cercanos
AIRFLOW_CTX_EXECUTION_DATE=2024-04-20T13:23:16.543099+00:00
AIRFLOW_CTX_TRY_NUMBER=1
AIRFLOW_CTX_DAG_RUN_ID=manual__2024-04-20T13:23:16.543099+00:00
[2024-04-20 13:23:26,463] {logging_mixin.py:115} INFO - Hola
[2024-04-20 13:23:27,458] {logging_mixin.py:115} INFO - Cantidad de registros extraidos el 2024-04-20 - 1
[2024-04-20 13:23:27,464] {logging_mixin.py:115} INFO - No hay registros
[2024-04-20 13:23:27,465] {python.py:173} INFO - Done. Returned value was: None
[2024-04-20 13:23:27,504] {taskinstance.py:1420} INFO - Marking task as SUCCESS. dag_id=NEO_coderhouse, task_id=notificar_objetos_cercanos, execution_date=20240420T132316, start_date=20240420T132326, end_date=20240420T132327
[2024-04-20 13:23:27,567] {local_task_job.py:156} INFO - Task exited with return code 0
[2024-04-20 13:23:27,644] {local_task_job.py:273} INFO - 0 downstream tasks scheduled from follow-on schedule check
