[2024-04-20 12:53:33,545] {taskinstance.py:1179} INFO - Dependencies all met for <TaskInstance: NEO_coderhouse.notificar_objetos_cercanos scheduled__2024-04-19T00:00:00+00:00 [queued]>
[2024-04-20 12:53:33,572] {taskinstance.py:1179} INFO - Dependencies all met for <TaskInstance: NEO_coderhouse.notificar_objetos_cercanos scheduled__2024-04-19T00:00:00+00:00 [queued]>
[2024-04-20 12:53:33,574] {taskinstance.py:1376} INFO - 
--------------------------------------------------------------------------------
[2024-04-20 12:53:33,576] {taskinstance.py:1377} INFO - Starting attempt 1 of 6
[2024-04-20 12:53:33,577] {taskinstance.py:1378} INFO - 
--------------------------------------------------------------------------------
[2024-04-20 12:53:33,627] {taskinstance.py:1397} INFO - Executing <Task(PythonOperator): notificar_objetos_cercanos> on 2024-04-19 00:00:00+00:00
[2024-04-20 12:53:33,635] {standard_task_runner.py:52} INFO - Started process 187 to run task
[2024-04-20 12:53:33,639] {standard_task_runner.py:79} INFO - Running: ['***', 'tasks', 'run', 'NEO_coderhouse', 'notificar_objetos_cercanos', 'scheduled__2024-04-19T00:00:00+00:00', '--job-id', '110', '--raw', '--subdir', 'DAGS_FOLDER/dag.py', '--cfg-path', '/tmp/tmpts_jw6r3', '--error-file', '/tmp/tmpt29zed6z']
[2024-04-20 12:53:33,641] {standard_task_runner.py:80} INFO - Job 110: Subtask notificar_objetos_cercanos
[2024-04-20 12:53:33,815] {task_command.py:371} INFO - Running <TaskInstance: NEO_coderhouse.notificar_objetos_cercanos scheduled__2024-04-19T00:00:00+00:00 [running]> on host 2e237166a7ec
[2024-04-20 12:53:34,081] {taskinstance.py:1591} INFO - Exporting the following env vars:
AIRFLOW_CTX_DAG_OWNER=LukeFo
AIRFLOW_CTX_DAG_ID=NEO_coderhouse
AIRFLOW_CTX_TASK_ID=notificar_objetos_cercanos
AIRFLOW_CTX_EXECUTION_DATE=2024-04-19T00:00:00+00:00
AIRFLOW_CTX_TRY_NUMBER=1
AIRFLOW_CTX_DAG_RUN_ID=scheduled__2024-04-19T00:00:00+00:00
[2024-04-20 12:53:34,083] {logging_mixin.py:115} INFO - Hola
[2024-04-20 12:53:35,337] {logging_mixin.py:115} INFO - Cantidad de registros extraidos el 2024-04-20 - 1
[2024-04-20 12:53:37,539] {logging_mixin.py:115} INFO - Exito
[2024-04-20 12:53:37,551] {python.py:173} INFO - Done. Returned value was: None
[2024-04-20 12:53:37,640] {taskinstance.py:1420} INFO - Marking task as SUCCESS. dag_id=NEO_coderhouse, task_id=notificar_objetos_cercanos, execution_date=20240419T000000, start_date=20240420T125333, end_date=20240420T125337
[2024-04-20 12:53:37,709] {local_task_job.py:156} INFO - Task exited with return code 0
[2024-04-20 12:53:37,828] {local_task_job.py:273} INFO - 0 downstream tasks scheduled from follow-on schedule check
