[2024-04-20 13:35:24,054] {taskinstance.py:1179} INFO - Dependencies all met for <TaskInstance: NEO_coderhouse.Cargar_datos_redshift manual__2024-04-20T13:35:12.730121+00:00 [queued]>
[2024-04-20 13:35:24,067] {taskinstance.py:1179} INFO - Dependencies all met for <TaskInstance: NEO_coderhouse.Cargar_datos_redshift manual__2024-04-20T13:35:12.730121+00:00 [queued]>
[2024-04-20 13:35:24,069] {taskinstance.py:1376} INFO - 
--------------------------------------------------------------------------------
[2024-04-20 13:35:24,071] {taskinstance.py:1377} INFO - Starting attempt 1 of 6
[2024-04-20 13:35:24,073] {taskinstance.py:1378} INFO - 
--------------------------------------------------------------------------------
[2024-04-20 13:35:24,095] {taskinstance.py:1397} INFO - Executing <Task(PythonOperator): Cargar_datos_redshift> on 2024-04-20 13:35:12.730121+00:00
[2024-04-20 13:35:24,101] {standard_task_runner.py:52} INFO - Started process 1723 to run task
[2024-04-20 13:35:24,105] {standard_task_runner.py:79} INFO - Running: ['***', 'tasks', 'run', 'NEO_coderhouse', 'Cargar_datos_redshift', 'manual__2024-04-20T13:35:12.730121+00:00', '--job-id', '158', '--raw', '--subdir', 'DAGS_FOLDER/dag.py', '--cfg-path', '/tmp/tmp6z5vi5m5', '--error-file', '/tmp/tmpyn456w6d']
[2024-04-20 13:35:24,107] {standard_task_runner.py:80} INFO - Job 158: Subtask Cargar_datos_redshift
[2024-04-20 13:35:24,223] {task_command.py:371} INFO - Running <TaskInstance: NEO_coderhouse.Cargar_datos_redshift manual__2024-04-20T13:35:12.730121+00:00 [running]> on host 2e237166a7ec
[2024-04-20 13:35:24,344] {taskinstance.py:1591} INFO - Exporting the following env vars:
AIRFLOW_CTX_DAG_OWNER=LukeFo
AIRFLOW_CTX_DAG_ID=NEO_coderhouse
AIRFLOW_CTX_TASK_ID=Cargar_datos_redshift
AIRFLOW_CTX_EXECUTION_DATE=2024-04-20T13:35:12.730121+00:00
AIRFLOW_CTX_TRY_NUMBER=1
AIRFLOW_CTX_DAG_RUN_ID=manual__2024-04-20T13:35:12.730121+00:00
[2024-04-20 13:35:24,346] {logging_mixin.py:115} INFO - Hola
[2024-04-20 13:35:25,491] {logging_mixin.py:115} INFO - Cantidad de registros extraidos el 2024-04-20 - 1
[2024-04-20 13:35:25,496] {logging_mixin.py:115} INFO - Se van a insertar 1 registros.
[2024-04-20 13:35:30,779] {logging_mixin.py:115} INFO - Conectado correctamente
[2024-04-20 13:35:30,782] {python.py:173} INFO - Done. Returned value was: None
[2024-04-20 13:35:30,815] {taskinstance.py:1420} INFO - Marking task as SUCCESS. dag_id=NEO_coderhouse, task_id=Cargar_datos_redshift, execution_date=20240420T133512, start_date=20240420T133524, end_date=20240420T133530
[2024-04-20 13:35:30,874] {local_task_job.py:156} INFO - Task exited with return code 0
[2024-04-20 13:35:30,938] {local_task_job.py:273} INFO - 0 downstream tasks scheduled from follow-on schedule check
