[2024-04-20 13:33:44,637] {taskinstance.py:1179} INFO - Dependencies all met for <TaskInstance: NEO_coderhouse.Convertir_dataframe manual__2024-04-20T13:33:39.233479+00:00 [queued]>
[2024-04-20 13:33:44,662] {taskinstance.py:1179} INFO - Dependencies all met for <TaskInstance: NEO_coderhouse.Convertir_dataframe manual__2024-04-20T13:33:39.233479+00:00 [queued]>
[2024-04-20 13:33:44,663] {taskinstance.py:1376} INFO - 
--------------------------------------------------------------------------------
[2024-04-20 13:33:44,667] {taskinstance.py:1377} INFO - Starting attempt 1 of 6
[2024-04-20 13:33:44,669] {taskinstance.py:1378} INFO - 
--------------------------------------------------------------------------------
[2024-04-20 13:33:44,707] {taskinstance.py:1397} INFO - Executing <Task(PythonOperator): Convertir_dataframe> on 2024-04-20 13:33:39.233479+00:00
[2024-04-20 13:33:44,718] {standard_task_runner.py:52} INFO - Started process 1651 to run task
[2024-04-20 13:33:44,725] {standard_task_runner.py:79} INFO - Running: ['***', 'tasks', 'run', 'NEO_coderhouse', 'Convertir_dataframe', 'manual__2024-04-20T13:33:39.233479+00:00', '--job-id', '152', '--raw', '--subdir', 'DAGS_FOLDER/dag.py', '--cfg-path', '/tmp/tmpl8696m27', '--error-file', '/tmp/tmprpbgsbl1']
[2024-04-20 13:33:44,730] {standard_task_runner.py:80} INFO - Job 152: Subtask Convertir_dataframe
[2024-04-20 13:33:44,895] {task_command.py:371} INFO - Running <TaskInstance: NEO_coderhouse.Convertir_dataframe manual__2024-04-20T13:33:39.233479+00:00 [running]> on host 2e237166a7ec
[2024-04-20 13:33:45,064] {taskinstance.py:1591} INFO - Exporting the following env vars:
AIRFLOW_CTX_DAG_OWNER=LukeFo
AIRFLOW_CTX_DAG_ID=NEO_coderhouse
AIRFLOW_CTX_TASK_ID=Convertir_dataframe
AIRFLOW_CTX_EXECUTION_DATE=2024-04-20T13:33:39.233479+00:00
AIRFLOW_CTX_TRY_NUMBER=1
AIRFLOW_CTX_DAG_RUN_ID=manual__2024-04-20T13:33:39.233479+00:00
[2024-04-20 13:33:45,066] {logging_mixin.py:115} INFO - Hola
[2024-04-20 13:33:46,149] {logging_mixin.py:115} INFO - Cantidad de registros extraidos el 2024-04-20 - 1
[2024-04-20 13:33:46,150] {python.py:173} INFO - Done. Returned value was: {'neo_reference_id': {0: 3092476}, 'name': {0: '(2001 VE2)'}, 'absolute_magnitude_h': {0: 25.0}, 'is_potentially_hazardous_asteroid': {0: False}, 'is_sentry_object': {0: False}, 'estimated_diameter_min': {0: 26.58}, 'estimated_diameter_max': {0: 59.4346868419}, 'close_approach_date_full': {0: '2024-Apr-20 08:38'}, 'kilometers_per_second': {0: 14.2406261493}, 'distance_kilometers': {0: 48891486.144597575}, 'orbiting_body': {0: 'Earth'}}
[2024-04-20 13:33:46,218] {taskinstance.py:1420} INFO - Marking task as SUCCESS. dag_id=NEO_coderhouse, task_id=Convertir_dataframe, execution_date=20240420T133339, start_date=20240420T133344, end_date=20240420T133346
[2024-04-20 13:33:46,272] {local_task_job.py:156} INFO - Task exited with return code 0
[2024-04-20 13:33:46,391] {local_task_job.py:273} INFO - 1 downstream tasks scheduled from follow-on schedule check
