[2024-04-20 12:58:25,073] {taskinstance.py:1179} INFO - Dependencies all met for <TaskInstance: NEO_coderhouse.notificar_objetos_cercanos manual__2024-04-20T12:58:16.249440+00:00 [queued]>
[2024-04-20 12:58:25,100] {taskinstance.py:1179} INFO - Dependencies all met for <TaskInstance: NEO_coderhouse.notificar_objetos_cercanos manual__2024-04-20T12:58:16.249440+00:00 [queued]>
[2024-04-20 12:58:25,102] {taskinstance.py:1376} INFO - 
--------------------------------------------------------------------------------
[2024-04-20 12:58:25,104] {taskinstance.py:1377} INFO - Starting attempt 1 of 6
[2024-04-20 12:58:25,106] {taskinstance.py:1378} INFO - 
--------------------------------------------------------------------------------
[2024-04-20 12:58:25,137] {taskinstance.py:1397} INFO - Executing <Task(PythonOperator): notificar_objetos_cercanos> on 2024-04-20 12:58:16.249440+00:00
[2024-04-20 12:58:25,144] {standard_task_runner.py:52} INFO - Started process 358 to run task
[2024-04-20 12:58:25,149] {standard_task_runner.py:79} INFO - Running: ['***', 'tasks', 'run', 'NEO_coderhouse', 'notificar_objetos_cercanos', 'manual__2024-04-20T12:58:16.249440+00:00', '--job-id', '113', '--raw', '--subdir', 'DAGS_FOLDER/dag.py', '--cfg-path', '/tmp/tmpclccnhix', '--error-file', '/tmp/tmpf_henx_i']
[2024-04-20 12:58:25,153] {standard_task_runner.py:80} INFO - Job 113: Subtask notificar_objetos_cercanos
[2024-04-20 12:58:25,293] {task_command.py:371} INFO - Running <TaskInstance: NEO_coderhouse.notificar_objetos_cercanos manual__2024-04-20T12:58:16.249440+00:00 [running]> on host 2e237166a7ec
[2024-04-20 12:58:25,449] {taskinstance.py:1591} INFO - Exporting the following env vars:
AIRFLOW_CTX_DAG_OWNER=LukeFo
AIRFLOW_CTX_DAG_ID=NEO_coderhouse
AIRFLOW_CTX_TASK_ID=notificar_objetos_cercanos
AIRFLOW_CTX_EXECUTION_DATE=2024-04-20T12:58:16.249440+00:00
AIRFLOW_CTX_TRY_NUMBER=1
AIRFLOW_CTX_DAG_RUN_ID=manual__2024-04-20T12:58:16.249440+00:00
[2024-04-20 12:58:25,453] {logging_mixin.py:115} INFO - Hola
[2024-04-20 12:58:27,987] {logging_mixin.py:115} INFO - Cantidad de registros extraidos el 2024-04-20 - 1
[2024-04-20 12:58:29,588] {logging_mixin.py:115} INFO - Exito
[2024-04-20 12:58:29,591] {python.py:173} INFO - Done. Returned value was: None
[2024-04-20 12:58:29,625] {taskinstance.py:1420} INFO - Marking task as SUCCESS. dag_id=NEO_coderhouse, task_id=notificar_objetos_cercanos, execution_date=20240420T125816, start_date=20240420T125825, end_date=20240420T125829
[2024-04-20 12:58:29,684] {local_task_job.py:156} INFO - Task exited with return code 0
[2024-04-20 12:58:29,783] {local_task_job.py:273} INFO - 1 downstream tasks scheduled from follow-on schedule check
