[2024-04-19 18:43:12,149] {taskinstance.py:1179} INFO - Dependencies all met for <TaskInstance: NEO_coderhouse.notificar_objetos_cercanos manual__2024-04-19T18:43:11.019257+00:00 [queued]>
[2024-04-19 18:43:12,159] {taskinstance.py:1179} INFO - Dependencies all met for <TaskInstance: NEO_coderhouse.notificar_objetos_cercanos manual__2024-04-19T18:43:11.019257+00:00 [queued]>
[2024-04-19 18:43:12,160] {taskinstance.py:1376} INFO - 
--------------------------------------------------------------------------------
[2024-04-19 18:43:12,161] {taskinstance.py:1377} INFO - Starting attempt 1 of 6
[2024-04-19 18:43:12,162] {taskinstance.py:1378} INFO - 
--------------------------------------------------------------------------------
[2024-04-19 18:43:12,182] {taskinstance.py:1397} INFO - Executing <Task(PythonOperator): notificar_objetos_cercanos> on 2024-04-19 18:43:11.019257+00:00
[2024-04-19 18:43:12,188] {standard_task_runner.py:52} INFO - Started process 188 to run task
[2024-04-19 18:43:12,190] {standard_task_runner.py:79} INFO - Running: ['***', 'tasks', 'run', 'NEO_coderhouse', 'notificar_objetos_cercanos', 'manual__2024-04-19T18:43:11.019257+00:00', '--job-id', '69', '--raw', '--subdir', 'DAGS_FOLDER/dag.py', '--cfg-path', '/tmp/tmpddgskstu', '--error-file', '/tmp/tmpc7l0v417']
[2024-04-19 18:43:12,192] {standard_task_runner.py:80} INFO - Job 69: Subtask notificar_objetos_cercanos
[2024-04-19 18:43:12,255] {task_command.py:371} INFO - Running <TaskInstance: NEO_coderhouse.notificar_objetos_cercanos manual__2024-04-19T18:43:11.019257+00:00 [running]> on host 2e237166a7ec
[2024-04-19 18:43:12,347] {taskinstance.py:1591} INFO - Exporting the following env vars:
AIRFLOW_CTX_DAG_OWNER=LukeFo
AIRFLOW_CTX_DAG_ID=NEO_coderhouse
AIRFLOW_CTX_TASK_ID=notificar_objetos_cercanos
AIRFLOW_CTX_EXECUTION_DATE=2024-04-19T18:43:11.019257+00:00
AIRFLOW_CTX_TRY_NUMBER=1
AIRFLOW_CTX_DAG_RUN_ID=manual__2024-04-19T18:43:11.019257+00:00
[2024-04-19 18:43:13,782] {logging_mixin.py:115} INFO - sendmail() missing 1 required positional argument: 'msg'
[2024-04-19 18:43:13,783] {logging_mixin.py:115} INFO - Failure
[2024-04-19 18:43:13,784] {python.py:173} INFO - Done. Returned value was: None
[2024-04-19 18:43:13,795] {taskinstance.py:1420} INFO - Marking task as SUCCESS. dag_id=NEO_coderhouse, task_id=notificar_objetos_cercanos, execution_date=20240419T184311, start_date=20240419T184312, end_date=20240419T184313
[2024-04-19 18:43:13,817] {local_task_job.py:156} INFO - Task exited with return code 0
[2024-04-19 18:43:13,847] {local_task_job.py:273} INFO - 0 downstream tasks scheduled from follow-on schedule check
