[2024-04-20 13:19:26,012] {taskinstance.py:1179} INFO - Dependencies all met for <TaskInstance: NEO_coderhouse.notificar_objetos_cercanos manual__2024-04-20T13:19:18.023847+00:00 [queued]>
[2024-04-20 13:19:26,042] {taskinstance.py:1179} INFO - Dependencies all met for <TaskInstance: NEO_coderhouse.notificar_objetos_cercanos manual__2024-04-20T13:19:18.023847+00:00 [queued]>
[2024-04-20 13:19:26,043] {taskinstance.py:1376} INFO - 
--------------------------------------------------------------------------------
[2024-04-20 13:19:26,046] {taskinstance.py:1377} INFO - Starting attempt 1 of 6
[2024-04-20 13:19:26,048] {taskinstance.py:1378} INFO - 
--------------------------------------------------------------------------------
[2024-04-20 13:19:26,081] {taskinstance.py:1397} INFO - Executing <Task(PythonOperator): notificar_objetos_cercanos> on 2024-04-20 13:19:18.023847+00:00
[2024-04-20 13:19:26,088] {standard_task_runner.py:52} INFO - Started process 1129 to run task
[2024-04-20 13:19:26,094] {standard_task_runner.py:79} INFO - Running: ['***', 'tasks', 'run', 'NEO_coderhouse', 'notificar_objetos_cercanos', 'manual__2024-04-20T13:19:18.023847+00:00', '--job-id', '138', '--raw', '--subdir', 'DAGS_FOLDER/dag.py', '--cfg-path', '/tmp/tmpwoct7f_v', '--error-file', '/tmp/tmpzjhy9a9c']
[2024-04-20 13:19:26,097] {standard_task_runner.py:80} INFO - Job 138: Subtask notificar_objetos_cercanos
[2024-04-20 13:19:26,190] {task_command.py:371} INFO - Running <TaskInstance: NEO_coderhouse.notificar_objetos_cercanos manual__2024-04-20T13:19:18.023847+00:00 [running]> on host 2e237166a7ec
[2024-04-20 13:19:26,318] {taskinstance.py:1591} INFO - Exporting the following env vars:
AIRFLOW_CTX_DAG_OWNER=LukeFo
AIRFLOW_CTX_DAG_ID=NEO_coderhouse
AIRFLOW_CTX_TASK_ID=notificar_objetos_cercanos
AIRFLOW_CTX_EXECUTION_DATE=2024-04-20T13:19:18.023847+00:00
AIRFLOW_CTX_TRY_NUMBER=1
AIRFLOW_CTX_DAG_RUN_ID=manual__2024-04-20T13:19:18.023847+00:00
[2024-04-20 13:19:26,321] {logging_mixin.py:115} INFO - Hola
[2024-04-20 13:19:27,426] {logging_mixin.py:115} INFO - Cantidad de registros extraidos el 2024-04-19 - 5
[2024-04-20 13:19:27,429] {logging_mixin.py:115} INFO - Hay registros
[2024-04-20 13:19:28,896] {logging_mixin.py:115} INFO - Exito
[2024-04-20 13:19:28,899] {python.py:173} INFO - Done. Returned value was: None
[2024-04-20 13:19:28,929] {taskinstance.py:1420} INFO - Marking task as SUCCESS. dag_id=NEO_coderhouse, task_id=notificar_objetos_cercanos, execution_date=20240420T131918, start_date=20240420T131926, end_date=20240420T131928
[2024-04-20 13:19:28,973] {local_task_job.py:156} INFO - Task exited with return code 0
[2024-04-20 13:19:29,047] {local_task_job.py:273} INFO - 0 downstream tasks scheduled from follow-on schedule check
