[2024-04-20 13:35:20,199] {taskinstance.py:1179} INFO - Dependencies all met for <TaskInstance: NEO_coderhouse.notificar_objetos_cercanos manual__2024-04-20T13:35:12.730121+00:00 [queued]>
[2024-04-20 13:35:20,223] {taskinstance.py:1179} INFO - Dependencies all met for <TaskInstance: NEO_coderhouse.notificar_objetos_cercanos manual__2024-04-20T13:35:12.730121+00:00 [queued]>
[2024-04-20 13:35:20,225] {taskinstance.py:1376} INFO - 
--------------------------------------------------------------------------------
[2024-04-20 13:35:20,228] {taskinstance.py:1377} INFO - Starting attempt 1 of 6
[2024-04-20 13:35:20,230] {taskinstance.py:1378} INFO - 
--------------------------------------------------------------------------------
[2024-04-20 13:35:20,264] {taskinstance.py:1397} INFO - Executing <Task(PythonOperator): notificar_objetos_cercanos> on 2024-04-20 13:35:12.730121+00:00
[2024-04-20 13:35:20,271] {standard_task_runner.py:52} INFO - Started process 1720 to run task
[2024-04-20 13:35:20,277] {standard_task_runner.py:79} INFO - Running: ['***', 'tasks', 'run', 'NEO_coderhouse', 'notificar_objetos_cercanos', 'manual__2024-04-20T13:35:12.730121+00:00', '--job-id', '157', '--raw', '--subdir', 'DAGS_FOLDER/dag.py', '--cfg-path', '/tmp/tmpuyxbghv5', '--error-file', '/tmp/tmpolmrjdxh']
[2024-04-20 13:35:20,280] {standard_task_runner.py:80} INFO - Job 157: Subtask notificar_objetos_cercanos
[2024-04-20 13:35:20,422] {task_command.py:371} INFO - Running <TaskInstance: NEO_coderhouse.notificar_objetos_cercanos manual__2024-04-20T13:35:12.730121+00:00 [running]> on host 2e237166a7ec
[2024-04-20 13:35:20,581] {taskinstance.py:1591} INFO - Exporting the following env vars:
AIRFLOW_CTX_DAG_OWNER=LukeFo
AIRFLOW_CTX_DAG_ID=NEO_coderhouse
AIRFLOW_CTX_TASK_ID=notificar_objetos_cercanos
AIRFLOW_CTX_EXECUTION_DATE=2024-04-20T13:35:12.730121+00:00
AIRFLOW_CTX_TRY_NUMBER=1
AIRFLOW_CTX_DAG_RUN_ID=manual__2024-04-20T13:35:12.730121+00:00
[2024-04-20 13:35:20,584] {logging_mixin.py:115} INFO - Hola
[2024-04-20 13:35:22,049] {logging_mixin.py:115} INFO - Cantidad de registros extraidos el 2024-04-20 - 1
[2024-04-20 13:35:22,055] {logging_mixin.py:115} INFO - No hay registros
[2024-04-20 13:35:22,056] {python.py:173} INFO - Done. Returned value was: None
[2024-04-20 13:35:22,088] {taskinstance.py:1420} INFO - Marking task as SUCCESS. dag_id=NEO_coderhouse, task_id=notificar_objetos_cercanos, execution_date=20240420T133512, start_date=20240420T133520, end_date=20240420T133522
[2024-04-20 13:35:22,147] {local_task_job.py:156} INFO - Task exited with return code 0
[2024-04-20 13:35:22,236] {local_task_job.py:273} INFO - 1 downstream tasks scheduled from follow-on schedule check
