[2024-04-19 18:45:47,880] {taskinstance.py:1179} INFO - Dependencies all met for <TaskInstance: NEO_coderhouse.notificar_objetos_cercanos manual__2024-04-19T18:45:46.684581+00:00 [queued]>
[2024-04-19 18:45:47,890] {taskinstance.py:1179} INFO - Dependencies all met for <TaskInstance: NEO_coderhouse.notificar_objetos_cercanos manual__2024-04-19T18:45:46.684581+00:00 [queued]>
[2024-04-19 18:45:47,891] {taskinstance.py:1376} INFO - 
--------------------------------------------------------------------------------
[2024-04-19 18:45:47,893] {taskinstance.py:1377} INFO - Starting attempt 1 of 6
[2024-04-19 18:45:47,893] {taskinstance.py:1378} INFO - 
--------------------------------------------------------------------------------
[2024-04-19 18:45:47,907] {taskinstance.py:1397} INFO - Executing <Task(PythonOperator): notificar_objetos_cercanos> on 2024-04-19 18:45:46.684581+00:00
[2024-04-19 18:45:47,916] {standard_task_runner.py:52} INFO - Started process 284 to run task
[2024-04-19 18:45:47,918] {standard_task_runner.py:79} INFO - Running: ['***', 'tasks', 'run', 'NEO_coderhouse', 'notificar_objetos_cercanos', 'manual__2024-04-19T18:45:46.684581+00:00', '--job-id', '71', '--raw', '--subdir', 'DAGS_FOLDER/dag.py', '--cfg-path', '/tmp/tmp_smjbaxh', '--error-file', '/tmp/tmpmtuxfm4t']
[2024-04-19 18:45:47,920] {standard_task_runner.py:80} INFO - Job 71: Subtask notificar_objetos_cercanos
[2024-04-19 18:45:47,989] {task_command.py:371} INFO - Running <TaskInstance: NEO_coderhouse.notificar_objetos_cercanos manual__2024-04-19T18:45:46.684581+00:00 [running]> on host 2e237166a7ec
[2024-04-19 18:45:48,062] {taskinstance.py:1591} INFO - Exporting the following env vars:
AIRFLOW_CTX_DAG_OWNER=LukeFo
AIRFLOW_CTX_DAG_ID=NEO_coderhouse
AIRFLOW_CTX_TASK_ID=notificar_objetos_cercanos
AIRFLOW_CTX_EXECUTION_DATE=2024-04-19T18:45:46.684581+00:00
AIRFLOW_CTX_TRY_NUMBER=1
AIRFLOW_CTX_DAG_RUN_ID=manual__2024-04-19T18:45:46.684581+00:00
[2024-04-19 18:45:49,451] {logging_mixin.py:115} INFO - Exito
[2024-04-19 18:45:49,451] {python.py:173} INFO - Done. Returned value was: None
[2024-04-19 18:45:49,463] {taskinstance.py:1420} INFO - Marking task as SUCCESS. dag_id=NEO_coderhouse, task_id=notificar_objetos_cercanos, execution_date=20240419T184546, start_date=20240419T184547, end_date=20240419T184549
[2024-04-19 18:45:49,501] {local_task_job.py:156} INFO - Task exited with return code 0
[2024-04-19 18:45:49,534] {local_task_job.py:273} INFO - 0 downstream tasks scheduled from follow-on schedule check
