[2024-04-20 13:33:51,557] {taskinstance.py:1179} INFO - Dependencies all met for <TaskInstance: NEO_coderhouse.Cargar_datos_redshift manual__2024-04-20T13:33:39.233479+00:00 [queued]>
[2024-04-20 13:33:51,581] {taskinstance.py:1179} INFO - Dependencies all met for <TaskInstance: NEO_coderhouse.Cargar_datos_redshift manual__2024-04-20T13:33:39.233479+00:00 [queued]>
[2024-04-20 13:33:51,582] {taskinstance.py:1376} INFO - 
--------------------------------------------------------------------------------
[2024-04-20 13:33:51,584] {taskinstance.py:1377} INFO - Starting attempt 1 of 6
[2024-04-20 13:33:51,585] {taskinstance.py:1378} INFO - 
--------------------------------------------------------------------------------
[2024-04-20 13:33:51,618] {taskinstance.py:1397} INFO - Executing <Task(PythonOperator): Cargar_datos_redshift> on 2024-04-20 13:33:39.233479+00:00
[2024-04-20 13:33:51,627] {standard_task_runner.py:52} INFO - Started process 1663 to run task
[2024-04-20 13:33:51,634] {standard_task_runner.py:79} INFO - Running: ['***', 'tasks', 'run', 'NEO_coderhouse', 'Cargar_datos_redshift', 'manual__2024-04-20T13:33:39.233479+00:00', '--job-id', '154', '--raw', '--subdir', 'DAGS_FOLDER/dag.py', '--cfg-path', '/tmp/tmpf2he2zam', '--error-file', '/tmp/tmp0u6mb9n4']
[2024-04-20 13:33:51,638] {standard_task_runner.py:80} INFO - Job 154: Subtask Cargar_datos_redshift
[2024-04-20 13:33:51,790] {task_command.py:371} INFO - Running <TaskInstance: NEO_coderhouse.Cargar_datos_redshift manual__2024-04-20T13:33:39.233479+00:00 [running]> on host 2e237166a7ec
[2024-04-20 13:33:51,925] {taskinstance.py:1591} INFO - Exporting the following env vars:
AIRFLOW_CTX_DAG_OWNER=LukeFo
AIRFLOW_CTX_DAG_ID=NEO_coderhouse
AIRFLOW_CTX_TASK_ID=Cargar_datos_redshift
AIRFLOW_CTX_EXECUTION_DATE=2024-04-20T13:33:39.233479+00:00
AIRFLOW_CTX_TRY_NUMBER=1
AIRFLOW_CTX_DAG_RUN_ID=manual__2024-04-20T13:33:39.233479+00:00
[2024-04-20 13:33:51,929] {logging_mixin.py:115} INFO - Hola
[2024-04-20 13:33:52,936] {logging_mixin.py:115} INFO - Cantidad de registros extraidos el 2024-04-20 - 1
[2024-04-20 13:33:52,939] {logging_mixin.py:115} INFO - Se van a insertar 1 registros.
[2024-04-20 13:33:59,333] {logging_mixin.py:115} INFO - Conectado correctamente
[2024-04-20 13:33:59,335] {python.py:173} INFO - Done. Returned value was: None
[2024-04-20 13:33:59,353] {taskinstance.py:1420} INFO - Marking task as SUCCESS. dag_id=NEO_coderhouse, task_id=Cargar_datos_redshift, execution_date=20240420T133339, start_date=20240420T133351, end_date=20240420T133359
[2024-04-20 13:33:59,392] {local_task_job.py:156} INFO - Task exited with return code 0
[2024-04-20 13:33:59,427] {local_task_job.py:273} INFO - 0 downstream tasks scheduled from follow-on schedule check
