[2024-04-11 17:07:15,466] {taskinstance.py:1179} INFO - Dependencies all met for <TaskInstance: NEO_coderhouse.Convertir_dataframe scheduled__2024-04-10T00:00:00+00:00 [queued]>
[2024-04-11 17:07:15,482] {taskinstance.py:1179} INFO - Dependencies all met for <TaskInstance: NEO_coderhouse.Convertir_dataframe scheduled__2024-04-10T00:00:00+00:00 [queued]>
[2024-04-11 17:07:15,484] {taskinstance.py:1376} INFO - 
--------------------------------------------------------------------------------
[2024-04-11 17:07:15,485] {taskinstance.py:1377} INFO - Starting attempt 1 of 6
[2024-04-11 17:07:15,485] {taskinstance.py:1378} INFO - 
--------------------------------------------------------------------------------
[2024-04-11 17:07:15,511] {taskinstance.py:1397} INFO - Executing <Task(PythonOperator): Convertir_dataframe> on 2024-04-10 00:00:00+00:00
[2024-04-11 17:07:15,519] {standard_task_runner.py:52} INFO - Started process 202 to run task
[2024-04-11 17:07:15,592] {standard_task_runner.py:79} INFO - Running: ['***', 'tasks', 'run', 'NEO_coderhouse', 'Convertir_dataframe', 'scheduled__2024-04-10T00:00:00+00:00', '--job-id', '3', '--raw', '--subdir', 'DAGS_FOLDER/dag.py', '--cfg-path', '/tmp/tmp6w0fxyo2', '--error-file', '/tmp/tmpa119dxr3']
[2024-04-11 17:07:15,601] {standard_task_runner.py:80} INFO - Job 3: Subtask Convertir_dataframe
[2024-04-11 17:07:16,247] {task_command.py:371} INFO - Running <TaskInstance: NEO_coderhouse.Convertir_dataframe scheduled__2024-04-10T00:00:00+00:00 [running]> on host 2e237166a7ec
[2024-04-11 17:07:16,643] {taskinstance.py:1591} INFO - Exporting the following env vars:
AIRFLOW_CTX_DAG_OWNER=LukeFo
AIRFLOW_CTX_DAG_ID=NEO_coderhouse
AIRFLOW_CTX_TASK_ID=Convertir_dataframe
AIRFLOW_CTX_EXECUTION_DATE=2024-04-10T00:00:00+00:00
AIRFLOW_CTX_TRY_NUMBER=1
AIRFLOW_CTX_DAG_RUN_ID=scheduled__2024-04-10T00:00:00+00:00
[2024-04-11 17:07:16,654] {logging_mixin.py:115} INFO - Hola
[2024-04-11 17:07:17,913] {logging_mixin.py:115} INFO - {'neo_reference_id': {0: 2215588, 1: 2363599, 2: 3604480, 3: 3662960, 4: 3712627, 5: 54016662, 6: 54138713, 7: 54231259, 8: 54431494, 9: 54432838, 10: 54433334, 11: 54433560}, 'name': {0: '215588 (2003 HF2)', 1: '363599 (2004 FG11)', 2: '(2012 KK11)', 3: '(2014 DD112)', 4: '(2015 DK200)', 5: '(2020 HK3)', 6: '(2021 HF1)', 7: '(2021 YB)', 8: '(2024 FA1)', 9: '(2024 GZ)', 10: '(2024 GJ2)', 11: '(2024 GW2)'}, 'absolute_magnitude_h': {0: 19.42, 1: 21.04, 2: 25.3, 3: 23.99, 4: 25.59, 5: 24.2, 6: 27.85, 7: 27.52, 8: 22.479, 9: 26.418, 10: 30.372, 11: 23.569}, 'is_potentially_hazardous_asteroid': {0: True, 1: True, 2: False, 3: False, 4: False, 5: False, 6: False, 7: False, 8: False, 9: False, 10: False, 11: False}, 'is_sentry_object': {0: False, 1: False, 2: False, 3: False, 4: False, 5: False, 6: False, 7: False, 8: False, 9: False, 10: False, 11: False}, 'estimated_diameter_min': {0: 347.1802220654, 1: 164.6474377554, 2: 23.150212221, 3: 42.320907965, 4: 20.2560600865, 5: 38.4197891064, 6: 7.1540995088, 7: 8.3282734552, 8: 84.8701513396, 9: 13.8342295181, 10: 2.2395201617, 11: 51.3753716524}, 'estimated_diameter_max': {0: 776.3185769818, 1: 368.1628631423, 2: 51.7654482198, 3: 94.6324270793, 4: 45.2939273097, 5: 85.9092601232, 6: 15.9970528196, 7: 18.6225855811, 8: 189.775427656, 9: 30.9342776188, 10: 5.0077193184, 11: 114.8788233841}, 'close_approach_date_full': {0: '2024-Apr-11 02:49', 1: '2024-Apr-11 09:36', 2: '2024-Apr-11 23:45', 3: '2024-Apr-11 04:20', 4: '2024-Apr-11 10:29', 5: '2024-Apr-11 14:59', 6: '2024-Apr-11 19:50', 7: '2024-Apr-11 09:32', 8: '2024-Apr-11 07:44', 9: '2024-Apr-11 10:43', 10: '2024-Apr-11 18:30', 11: '2024-Apr-11 21:57'}, 'kilometers_per_second': {0: 32.6920334547, 1: 24.7446697087, 2: 15.8268447693, 3: 4.5501400773, 4: 6.6620802825, 5: 35.1534571977, 6: 7.6854696031, 7: 4.836061357, 8: 9.3297461903, 9: 5.5579258471, 10: 14.3792956105, 11: 19.1949861344}, 'distance_kilometers': {0: 53378165.26345468, 1: 7793401.043826095, 2: 60934544.055404045, 3: 48365950.59254244, 4: 15965766.568451246, 5: 60976292.093628354, 6: 26921821.402913004, 7: 24502287.237453315, 8: 28435998.65387893, 9: 7786441.421798381, 10: 18673.299806371, 11: 25939014.82876071}, 'orbiting_body': {0: 'Earth', 1: 'Earth', 2: 'Earth', 3: 'Earth', 4: 'Earth', 5: 'Earth', 6: 'Earth', 7: 'Earth', 8: 'Earth', 9: 'Earth', 10: 'Earth', 11: 'Earth'}}
[2024-04-11 17:07:17,915] {python.py:173} INFO - Done. Returned value was: {'neo_reference_id': {0: 2215588, 1: 2363599, 2: 3604480, 3: 3662960, 4: 3712627, 5: 54016662, 6: 54138713, 7: 54231259, 8: 54431494, 9: 54432838, 10: 54433334, 11: 54433560}, 'name': {0: '215588 (2003 HF2)', 1: '363599 (2004 FG11)', 2: '(2012 KK11)', 3: '(2014 DD112)', 4: '(2015 DK200)', 5: '(2020 HK3)', 6: '(2021 HF1)', 7: '(2021 YB)', 8: '(2024 FA1)', 9: '(2024 GZ)', 10: '(2024 GJ2)', 11: '(2024 GW2)'}, 'absolute_magnitude_h': {0: 19.42, 1: 21.04, 2: 25.3, 3: 23.99, 4: 25.59, 5: 24.2, 6: 27.85, 7: 27.52, 8: 22.479, 9: 26.418, 10: 30.372, 11: 23.569}, 'is_potentially_hazardous_asteroid': {0: True, 1: True, 2: False, 3: False, 4: False, 5: False, 6: False, 7: False, 8: False, 9: False, 10: False, 11: False}, 'is_sentry_object': {0: False, 1: False, 2: False, 3: False, 4: False, 5: False, 6: False, 7: False, 8: False, 9: False, 10: False, 11: False}, 'estimated_diameter_min': {0: 347.1802220654, 1: 164.6474377554, 2: 23.150212221, 3: 42.320907965, 4: 20.2560600865, 5: 38.4197891064, 6: 7.1540995088, 7: 8.3282734552, 8: 84.8701513396, 9: 13.8342295181, 10: 2.2395201617, 11: 51.3753716524}, 'estimated_diameter_max': {0: 776.3185769818, 1: 368.1628631423, 2: 51.7654482198, 3: 94.6324270793, 4: 45.2939273097, 5: 85.9092601232, 6: 15.9970528196, 7: 18.6225855811, 8: 189.775427656, 9: 30.9342776188, 10: 5.0077193184, 11: 114.8788233841}, 'close_approach_date_full': {0: '2024-Apr-11 02:49', 1: '2024-Apr-11 09:36', 2: '2024-Apr-11 23:45', 3: '2024-Apr-11 04:20', 4: '2024-Apr-11 10:29', 5: '2024-Apr-11 14:59', 6: '2024-Apr-11 19:50', 7: '2024-Apr-11 09:32', 8: '2024-Apr-11 07:44', 9: '2024-Apr-11 10:43', 10: '2024-Apr-11 18:30', 11: '2024-Apr-11 21:57'}, 'kilometers_per_second': {0: 32.6920334547, 1: 24.7446697087, 2: 15.8268447693, 3: 4.5501400773, 4: 6.6620802825, 5: 35.1534571977, 6: 7.6854696031, 7: 4.836061357, 8: 9.3297461903, 9: 5.5579258471, 10: 14.3792956105, 11: 19.1949861344}, 'distance_kilometers': {0: 53378165.26345468, 1: 7793401.043826095, 2: 60934544.055404045, 3: 48365950.59254244, 4: 15965766.568451246, 5: 60976292.093628354, 6: 26921821.402913004, 7: 24502287.237453315, 8: 28435998.65387893, 9: 7786441.421798381, 10: 18673.299806371, 11: 25939014.82876071}, 'orbiting_body': {0: 'Earth', 1: 'Earth', 2: 'Earth', 3: 'Earth', 4: 'Earth', 5: 'Earth', 6: 'Earth', 7: 'Earth', 8: 'Earth', 9: 'Earth', 10: 'Earth', 11: 'Earth'}}
[2024-04-11 17:07:17,964] {taskinstance.py:1420} INFO - Marking task as SUCCESS. dag_id=NEO_coderhouse, task_id=Convertir_dataframe, execution_date=20240410T000000, start_date=20240411T170715, end_date=20240411T170717
[2024-04-11 17:07:18,037] {local_task_job.py:156} INFO - Task exited with return code 0
[2024-04-11 17:07:18,085] {local_task_job.py:273} INFO - 0 downstream tasks scheduled from follow-on schedule check
