[2024-04-19 19:06:26,220] {taskinstance.py:1179} INFO - Dependencies all met for <TaskInstance: NEO_coderhouse.notificar_objetos_cercanos manual__2024-04-19T19:06:20.060021+00:00 [queued]>
[2024-04-19 19:06:26,230] {taskinstance.py:1179} INFO - Dependencies all met for <TaskInstance: NEO_coderhouse.notificar_objetos_cercanos manual__2024-04-19T19:06:20.060021+00:00 [queued]>
[2024-04-19 19:06:26,231] {taskinstance.py:1376} INFO - 
--------------------------------------------------------------------------------
[2024-04-19 19:06:26,232] {taskinstance.py:1377} INFO - Starting attempt 1 of 6
[2024-04-19 19:06:26,232] {taskinstance.py:1378} INFO - 
--------------------------------------------------------------------------------
[2024-04-19 19:06:26,248] {taskinstance.py:1397} INFO - Executing <Task(PythonOperator): notificar_objetos_cercanos> on 2024-04-19 19:06:20.060021+00:00
[2024-04-19 19:06:26,252] {standard_task_runner.py:52} INFO - Started process 1003 to run task
[2024-04-19 19:06:26,255] {standard_task_runner.py:79} INFO - Running: ['***', 'tasks', 'run', 'NEO_coderhouse', 'notificar_objetos_cercanos', 'manual__2024-04-19T19:06:20.060021+00:00', '--job-id', '78', '--raw', '--subdir', 'DAGS_FOLDER/dag.py', '--cfg-path', '/tmp/tmpsqomn3dk', '--error-file', '/tmp/tmp61_ebxr1']
[2024-04-19 19:06:26,256] {standard_task_runner.py:80} INFO - Job 78: Subtask notificar_objetos_cercanos
[2024-04-19 19:06:26,318] {task_command.py:371} INFO - Running <TaskInstance: NEO_coderhouse.notificar_objetos_cercanos manual__2024-04-19T19:06:20.060021+00:00 [running]> on host 2e237166a7ec
[2024-04-19 19:06:26,386] {taskinstance.py:1591} INFO - Exporting the following env vars:
AIRFLOW_CTX_DAG_OWNER=LukeFo
AIRFLOW_CTX_DAG_ID=NEO_coderhouse
AIRFLOW_CTX_TASK_ID=notificar_objetos_cercanos
AIRFLOW_CTX_EXECUTION_DATE=2024-04-19T19:06:20.060021+00:00
AIRFLOW_CTX_TRY_NUMBER=1
AIRFLOW_CTX_DAG_RUN_ID=manual__2024-04-19T19:06:20.060021+00:00
[2024-04-19 19:06:26,387] {logging_mixin.py:115} INFO - Hola
[2024-04-19 19:06:27,305] {logging_mixin.py:115} INFO - Cantidad de registros extraidos el 2024-04-19 - 18
[2024-04-19 19:06:28,942] {logging_mixin.py:115} INFO - Exito
[2024-04-19 19:06:28,945] {python.py:173} INFO - Done. Returned value was: None
[2024-04-19 19:06:28,968] {taskinstance.py:1420} INFO - Marking task as SUCCESS. dag_id=NEO_coderhouse, task_id=notificar_objetos_cercanos, execution_date=20240419T190620, start_date=20240419T190626, end_date=20240419T190628
[2024-04-19 19:06:29,007] {local_task_job.py:156} INFO - Task exited with return code 0
[2024-04-19 19:06:29,054] {local_task_job.py:273} INFO - 1 downstream tasks scheduled from follow-on schedule check
