[2024-04-20 13:37:26,001] {taskinstance.py:1179} INFO - Dependencies all met for <TaskInstance: NEO_coderhouse.Cargar_datos_redshift manual__2024-04-20T13:37:13.625423+00:00 [queued]>
[2024-04-20 13:37:26,029] {taskinstance.py:1179} INFO - Dependencies all met for <TaskInstance: NEO_coderhouse.Cargar_datos_redshift manual__2024-04-20T13:37:13.625423+00:00 [queued]>
[2024-04-20 13:37:26,030] {taskinstance.py:1376} INFO - 
--------------------------------------------------------------------------------
[2024-04-20 13:37:26,032] {taskinstance.py:1377} INFO - Starting attempt 1 of 6
[2024-04-20 13:37:26,033] {taskinstance.py:1378} INFO - 
--------------------------------------------------------------------------------
[2024-04-20 13:37:26,066] {taskinstance.py:1397} INFO - Executing <Task(PythonOperator): Cargar_datos_redshift> on 2024-04-20 13:37:13.625423+00:00
[2024-04-20 13:37:26,076] {standard_task_runner.py:52} INFO - Started process 1807 to run task
[2024-04-20 13:37:26,085] {standard_task_runner.py:79} INFO - Running: ['***', 'tasks', 'run', 'NEO_coderhouse', 'Cargar_datos_redshift', 'manual__2024-04-20T13:37:13.625423+00:00', '--job-id', '162', '--raw', '--subdir', 'DAGS_FOLDER/dag.py', '--cfg-path', '/tmp/tmpfl4sfkzv', '--error-file', '/tmp/tmponhm8756']
[2024-04-20 13:37:26,088] {standard_task_runner.py:80} INFO - Job 162: Subtask Cargar_datos_redshift
[2024-04-20 13:37:26,228] {task_command.py:371} INFO - Running <TaskInstance: NEO_coderhouse.Cargar_datos_redshift manual__2024-04-20T13:37:13.625423+00:00 [running]> on host 2e237166a7ec
[2024-04-20 13:37:26,417] {taskinstance.py:1591} INFO - Exporting the following env vars:
AIRFLOW_CTX_DAG_OWNER=LukeFo
AIRFLOW_CTX_DAG_ID=NEO_coderhouse
AIRFLOW_CTX_TASK_ID=Cargar_datos_redshift
AIRFLOW_CTX_EXECUTION_DATE=2024-04-20T13:37:13.625423+00:00
AIRFLOW_CTX_TRY_NUMBER=1
AIRFLOW_CTX_DAG_RUN_ID=manual__2024-04-20T13:37:13.625423+00:00
[2024-04-20 13:37:26,421] {logging_mixin.py:115} INFO - Hola
[2024-04-20 13:37:27,529] {logging_mixin.py:115} INFO - Cantidad de registros extraidos el 2024-04-20 - 1
[2024-04-20 13:37:27,533] {logging_mixin.py:115} INFO - Se van a insertar 1 registros.
[2024-04-20 13:37:33,046] {logging_mixin.py:115} INFO - Conectado correctamente
[2024-04-20 13:37:33,049] {python.py:173} INFO - Done. Returned value was: None
[2024-04-20 13:37:33,085] {taskinstance.py:1420} INFO - Marking task as SUCCESS. dag_id=NEO_coderhouse, task_id=Cargar_datos_redshift, execution_date=20240420T133713, start_date=20240420T133726, end_date=20240420T133733
[2024-04-20 13:37:33,147] {local_task_job.py:156} INFO - Task exited with return code 0
[2024-04-20 13:37:33,206] {local_task_job.py:273} INFO - 0 downstream tasks scheduled from follow-on schedule check
