[2024-04-19 19:37:45,981] {taskinstance.py:1179} INFO - Dependencies all met for <TaskInstance: NEO_coderhouse.notificar_objetos_cercanos manual__2024-04-19T19:37:40.225207+00:00 [queued]>
[2024-04-19 19:37:45,993] {taskinstance.py:1179} INFO - Dependencies all met for <TaskInstance: NEO_coderhouse.notificar_objetos_cercanos manual__2024-04-19T19:37:40.225207+00:00 [queued]>
[2024-04-19 19:37:45,994] {taskinstance.py:1376} INFO - 
--------------------------------------------------------------------------------
[2024-04-19 19:37:45,995] {taskinstance.py:1377} INFO - Starting attempt 1 of 6
[2024-04-19 19:37:45,995] {taskinstance.py:1378} INFO - 
--------------------------------------------------------------------------------
[2024-04-19 19:37:46,009] {taskinstance.py:1397} INFO - Executing <Task(PythonOperator): notificar_objetos_cercanos> on 2024-04-19 19:37:40.225207+00:00
[2024-04-19 19:37:46,018] {standard_task_runner.py:52} INFO - Started process 748 to run task
[2024-04-19 19:37:46,021] {standard_task_runner.py:79} INFO - Running: ['***', 'tasks', 'run', 'NEO_coderhouse', 'notificar_objetos_cercanos', 'manual__2024-04-19T19:37:40.225207+00:00', '--job-id', '100', '--raw', '--subdir', 'DAGS_FOLDER/dag.py', '--cfg-path', '/tmp/tmpunn78sxw', '--error-file', '/tmp/tmpj6o_b5jo']
[2024-04-19 19:37:46,022] {standard_task_runner.py:80} INFO - Job 100: Subtask notificar_objetos_cercanos
[2024-04-19 19:37:46,081] {task_command.py:371} INFO - Running <TaskInstance: NEO_coderhouse.notificar_objetos_cercanos manual__2024-04-19T19:37:40.225207+00:00 [running]> on host 2e237166a7ec
[2024-04-19 19:37:46,146] {taskinstance.py:1591} INFO - Exporting the following env vars:
AIRFLOW_CTX_DAG_OWNER=LukeFo
AIRFLOW_CTX_DAG_ID=NEO_coderhouse
AIRFLOW_CTX_TASK_ID=notificar_objetos_cercanos
AIRFLOW_CTX_EXECUTION_DATE=2024-04-19T19:37:40.225207+00:00
AIRFLOW_CTX_TRY_NUMBER=1
AIRFLOW_CTX_DAG_RUN_ID=manual__2024-04-19T19:37:40.225207+00:00
[2024-04-19 19:37:46,147] {logging_mixin.py:115} INFO - Hola
[2024-04-19 19:37:47,295] {logging_mixin.py:115} INFO - Cantidad de registros extraidos el 2024-04-19 - 18
[2024-04-19 19:37:48,759] {logging_mixin.py:115} INFO - Exito
[2024-04-19 19:37:48,761] {python.py:173} INFO - Done. Returned value was: None
[2024-04-19 19:37:48,776] {taskinstance.py:1420} INFO - Marking task as SUCCESS. dag_id=NEO_coderhouse, task_id=notificar_objetos_cercanos, execution_date=20240419T193740, start_date=20240419T193745, end_date=20240419T193748
[2024-04-19 19:37:48,851] {local_task_job.py:156} INFO - Task exited with return code 0
[2024-04-19 19:37:48,913] {local_task_job.py:273} INFO - 0 downstream tasks scheduled from follow-on schedule check
